2023-07-06 13:05:28,638 p=21600 u=rubp42 n=ansible | [DEPRECATION WARNING]: [defaults]callback_whitelist option, normalizing names 
to new standard, use callbacks_enabled instead. This feature will be removed 
from ansible-core in version 2.15. Deprecation warnings can be disabled by 
setting deprecation_warnings=False in ansible.cfg.
2023-07-06 13:05:28,782 p=21600 u=rubp42 n=ansible | [WARNING]: Could not match supplied host pattern, ignoring: webservers

2023-07-06 13:05:28,783 p=21600 u=rubp42 n=ansible | PLAY [Install Required packages for Laravel on UBUNTU 22.04 (Takes Approximatively 4 min on SCW PLAY2-PICO)] ***
2023-07-06 13:05:28,783 p=21600 u=rubp42 n=ansible | skipping: no hosts matched
2023-07-06 13:05:28,783 p=21600 u=rubp42 n=ansible | PLAY RECAP *********************************************************************
2023-07-06 13:05:28,783 p=21600 u=rubp42 n=ansible | jeudi 06 juillet 2023  13:05:28 +0200 (0:00:00.001)       0:00:00.001 ********* 
2023-07-06 13:05:28,783 p=21600 u=rubp42 n=ansible | =============================================================================== 
2023-07-06 13:26:09,177 p=22547 u=rubp42 n=ansible | [DEPRECATION WARNING]: [defaults]callback_whitelist option, normalizing names 
to new standard, use callbacks_enabled instead. This feature will be removed 
from ansible-core in version 2.15. Deprecation warnings can be disabled by 
setting deprecation_warnings=False in ansible.cfg.
2023-07-06 13:26:09,296 p=22547 u=rubp42 n=ansible | PLAY [Install Required packages for Laravel on UBUNTU 22.04 (Takes Approximatively 4 min on SCW PLAY2-PICO)] ***
2023-07-06 13:26:09,304 p=22547 u=rubp42 n=ansible | TASK [Gathering Facts] *********************************************************
2023-07-06 13:26:09,304 p=22547 u=rubp42 n=ansible | jeudi 06 juillet 2023  13:26:09 +0200 (0:00:00.009)       0:00:00.009 ********* 
2023-07-06 13:26:09,633 p=22547 u=rubp42 n=ansible | fatal: [163.172.153.134]: UNREACHABLE! => {"changed": false, "msg": "Failed to connect to the host via ssh: rubp42@163.172.153.134: Permission denied (publickey).", "unreachable": true}
2023-07-06 13:26:09,635 p=22547 u=rubp42 n=ansible | PLAY RECAP *********************************************************************
2023-07-06 13:26:09,635 p=22547 u=rubp42 n=ansible | 163.172.153.134            : ok=0    changed=0    unreachable=1    failed=0    skipped=0    rescued=0    ignored=0   
2023-07-06 13:26:09,635 p=22547 u=rubp42 n=ansible | jeudi 06 juillet 2023  13:26:09 +0200 (0:00:00.331)       0:00:00.340 ********* 
2023-07-06 13:26:09,635 p=22547 u=rubp42 n=ansible | =============================================================================== 
2023-07-06 13:26:09,635 p=22547 u=rubp42 n=ansible | Gathering Facts --------------------------------------------------------- 0.33s
2023-07-06 13:29:16,220 p=22653 u=rubp42 n=ansible | [DEPRECATION WARNING]: [defaults]callback_whitelist option, normalizing names 
to new standard, use callbacks_enabled instead. This feature will be removed 
from ansible-core in version 2.15. Deprecation warnings can be disabled by 
setting deprecation_warnings=False in ansible.cfg.
2023-07-06 13:29:16,230 p=22653 u=rubp42 n=ansible |   hosts (1):
2023-07-06 13:29:16,230 p=22653 u=rubp42 n=ansible |     163.172.153.134
2023-07-06 13:29:39,148 p=22665 u=rubp42 n=ansible | [DEPRECATION WARNING]: [defaults]callback_whitelist option, normalizing names 
to new standard, use callbacks_enabled instead. This feature will be removed 
from ansible-core in version 2.15. Deprecation warnings can be disabled by 
setting deprecation_warnings=False in ansible.cfg.
2023-07-06 13:29:39,549 p=22665 u=rubp42 n=ansible | 163.172.153.134 | UNREACHABLE! => {
    "changed": false,
    "msg": "Failed to connect to the host via ssh: rubp42@163.172.153.134: Permission denied (publickey).",
    "unreachable": true
}
2023-07-06 13:35:36,107 p=23102 u=rubp42 n=ansible | [DEPRECATION WARNING]: [defaults]callback_whitelist option, normalizing names 
to new standard, use callbacks_enabled instead. This feature will be removed 
from ansible-core in version 2.15. Deprecation warnings can be disabled by 
setting deprecation_warnings=False in ansible.cfg.
2023-07-06 13:35:36,526 p=23102 u=rubp42 n=ansible | 163.172.153.134 | UNREACHABLE! => {
    "changed": false,
    "msg": "Failed to connect to the host via ssh: rubp42@163.172.153.134: Permission denied (publickey).",
    "unreachable": true
}
2023-07-06 13:58:00,756 p=24544 u=rubp42 n=ansible | [DEPRECATION WARNING]: [defaults]callback_whitelist option, normalizing names 
to new standard, use callbacks_enabled instead. This feature will be removed 
from ansible-core in version 2.15. Deprecation warnings can be disabled by 
setting deprecation_warnings=False in ansible.cfg.
2023-07-06 13:58:03,187 p=24544 u=rubp42 n=ansible | 163.172.153.134 | SUCCESS => {
    "ansible_facts": {
        "discovered_interpreter_python": "/usr/bin/python3"
    },
    "changed": false,
    "ping": "pong"
}
2023-07-06 14:07:55,768 p=24826 u=rubp42 n=ansible | [DEPRECATION WARNING]: [defaults]callback_whitelist option, normalizing names 
to new standard, use callbacks_enabled instead. This feature will be removed 
from ansible-core in version 2.15. Deprecation warnings can be disabled by 
setting deprecation_warnings=False in ansible.cfg.
2023-07-06 14:07:55,882 p=24826 u=rubp42 n=ansible | PLAY [Install Required packages for Laravel on UBUNTU 22.04 (Takes Approximatively 4 min on SCW PLAY2-PICO)] ***
2023-07-06 14:07:55,889 p=24826 u=rubp42 n=ansible | TASK [Gathering Facts] *********************************************************
2023-07-06 14:07:55,889 p=24826 u=rubp42 n=ansible | jeudi 06 juillet 2023  14:07:55 +0200 (0:00:00.008)       0:00:00.008 ********* 
2023-07-06 14:08:00,347 p=24826 u=rubp42 n=ansible | ok: [163.172.153.134]
2023-07-06 14:08:00,390 p=24826 u=rubp42 n=ansible | TASK [include_vars] ************************************************************
2023-07-06 14:08:00,390 p=24826 u=rubp42 n=ansible | jeudi 06 juillet 2023  14:08:00 +0200 (0:00:04.501)       0:00:04.509 ********* 
2023-07-06 14:08:00,411 p=24826 u=rubp42 n=ansible | ok: [163.172.153.134]
2023-07-06 14:08:00,426 p=24826 u=rubp42 n=ansible | TASK [debug] *******************************************************************
2023-07-06 14:08:00,426 p=24826 u=rubp42 n=ansible | jeudi 06 juillet 2023  14:08:00 +0200 (0:00:00.035)       0:00:04.545 ********* 
2023-07-06 14:08:00,458 p=24826 u=rubp42 n=ansible | ok: [163.172.153.134] => {
    "msg": "Using variables file ./vars/variables.yml"
}
2023-07-06 14:08:00,472 p=24826 u=rubp42 n=ansible | TASK [install mysql, nginx, composer,php and required extensions] **************
2023-07-06 14:08:00,473 p=24826 u=rubp42 n=ansible | jeudi 06 juillet 2023  14:08:00 +0200 (0:00:00.046)       0:00:04.591 ********* 
2023-07-06 14:11:56,178 p=24826 u=rubp42 n=ansible | changed: [163.172.153.134]
2023-07-06 14:11:56,235 p=24826 u=rubp42 n=ansible | PLAY RECAP *********************************************************************
2023-07-06 14:11:56,235 p=24826 u=rubp42 n=ansible | 163.172.153.134            : ok=4    changed=1    unreachable=0    failed=0    skipped=0    rescued=0    ignored=0   
2023-07-06 14:11:56,235 p=24826 u=rubp42 n=ansible | jeudi 06 juillet 2023  14:11:56 +0200 (0:03:55.762)       0:04:00.354 ********* 
2023-07-06 14:11:56,235 p=24826 u=rubp42 n=ansible | =============================================================================== 
2023-07-06 14:11:56,235 p=24826 u=rubp42 n=ansible | install mysql, nginx, composer,php and required extensions ------------ 235.76s
2023-07-06 14:11:56,235 p=24826 u=rubp42 n=ansible | Gathering Facts --------------------------------------------------------- 4.50s
2023-07-06 14:11:56,236 p=24826 u=rubp42 n=ansible | debug ------------------------------------------------------------------- 0.05s
2023-07-06 14:11:56,236 p=24826 u=rubp42 n=ansible | include_vars ------------------------------------------------------------ 0.04s
2023-07-06 14:31:14,109 p=26167 u=rubp42 n=ansible | [DEPRECATION WARNING]: [defaults]callback_whitelist option, normalizing names 
to new standard, use callbacks_enabled instead. This feature will be removed 
from ansible-core in version 2.15. Deprecation warnings can be disabled by 
setting deprecation_warnings=False in ansible.cfg.
2023-07-06 14:31:16,350 p=26167 u=rubp42 n=ansible | 51.15.236.16 | SUCCESS => {
    "ansible_facts": {
        "discovered_interpreter_python": "/usr/bin/python3"
    },
    "changed": false,
    "ping": "pong"
}
2023-07-06 14:35:49,586 p=26363 u=rubp42 n=ansible | [DEPRECATION WARNING]: [defaults]callback_whitelist option, normalizing names 
to new standard, use callbacks_enabled instead. This feature will be removed 
from ansible-core in version 2.15. Deprecation warnings can be disabled by 
setting deprecation_warnings=False in ansible.cfg.
2023-07-06 14:35:49,698 p=26363 u=rubp42 n=ansible | ERROR! conflicting action statements: community.general.ufw, state

The error appears to be in '/home/rubp42/Documents/machine cna/deploiement3/1-New_Server_Setup.yml': line 23, column 7, but may
be elsewhere in the file depending on the exact syntax problem.

The offending line appears to be:


    - name: Enable UFW
      ^ here

2023-07-06 14:36:53,875 p=26435 u=rubp42 n=ansible | [DEPRECATION WARNING]: [defaults]callback_whitelist option, normalizing names 
to new standard, use callbacks_enabled instead. This feature will be removed 
from ansible-core in version 2.15. Deprecation warnings can be disabled by 
setting deprecation_warnings=False in ansible.cfg.
2023-07-06 14:36:54,029 p=26435 u=rubp42 n=ansible | PLAY [Install Required packages for Laravel on UBUNTU 22.04 (Takes Approximatively 4 min on SCW PLAY2-PICO)] ***
2023-07-06 14:36:54,050 p=26435 u=rubp42 n=ansible | TASK [Gathering Facts] *********************************************************
2023-07-06 14:36:54,050 p=26435 u=rubp42 n=ansible | jeudi 06 juillet 2023  14:36:54 +0200 (0:00:00.023)       0:00:00.023 ********* 
2023-07-06 14:36:58,563 p=26435 u=rubp42 n=ansible | ok: [51.15.236.16]
2023-07-06 14:36:58,578 p=26435 u=rubp42 n=ansible | TASK [include_vars] ************************************************************
2023-07-06 14:36:58,578 p=26435 u=rubp42 n=ansible | jeudi 06 juillet 2023  14:36:58 +0200 (0:00:04.527)       0:00:04.551 ********* 
2023-07-06 14:36:58,608 p=26435 u=rubp42 n=ansible | ok: [51.15.236.16]
2023-07-06 14:36:58,618 p=26435 u=rubp42 n=ansible | TASK [debug] *******************************************************************
2023-07-06 14:36:58,618 p=26435 u=rubp42 n=ansible | jeudi 06 juillet 2023  14:36:58 +0200 (0:00:00.039)       0:00:04.590 ********* 
2023-07-06 14:36:58,650 p=26435 u=rubp42 n=ansible | ok: [51.15.236.16] => {
    "msg": "Using variables file ./vars/variables.yml"
}
2023-07-06 14:36:58,656 p=26435 u=rubp42 n=ansible | TASK [install mysql, nginx, composer,php and required extensions] **************
2023-07-06 14:36:58,656 p=26435 u=rubp42 n=ansible | jeudi 06 juillet 2023  14:36:58 +0200 (0:00:00.038)       0:00:04.629 ********* 
2023-07-06 14:40:53,111 p=26435 u=rubp42 n=ansible | changed: [51.15.236.16]
2023-07-06 14:40:53,131 p=26435 u=rubp42 n=ansible | TASK [Install ufw] *************************************************************
2023-07-06 14:40:53,131 p=26435 u=rubp42 n=ansible | jeudi 06 juillet 2023  14:40:53 +0200 (0:03:54.474)       0:03:59.103 ********* 
2023-07-06 14:40:55,562 p=26435 u=rubp42 n=ansible | ok: [51.15.236.16]
2023-07-06 14:40:55,569 p=26435 u=rubp42 n=ansible | TASK [Enable UFW] **************************************************************
2023-07-06 14:40:55,570 p=26435 u=rubp42 n=ansible | jeudi 06 juillet 2023  14:40:55 +0200 (0:00:02.438)       0:04:01.542 ********* 
2023-07-06 14:40:57,581 p=26435 u=rubp42 n=ansible | changed: [51.15.236.16]
2023-07-06 14:40:57,596 p=26435 u=rubp42 n=ansible | TASK [Configure ufw openssh] ***************************************************
2023-07-06 14:40:57,597 p=26435 u=rubp42 n=ansible | jeudi 06 juillet 2023  14:40:57 +0200 (0:00:02.026)       0:04:03.569 ********* 
2023-07-06 14:40:59,317 p=26435 u=rubp42 n=ansible | changed: [51.15.236.16]
2023-07-06 14:40:59,330 p=26435 u=rubp42 n=ansible | TASK [Allow ufw http] **********************************************************
2023-07-06 14:40:59,330 p=26435 u=rubp42 n=ansible | jeudi 06 juillet 2023  14:40:59 +0200 (0:00:01.733)       0:04:05.302 ********* 
2023-07-06 14:41:01,056 p=26435 u=rubp42 n=ansible | changed: [51.15.236.16]
2023-07-06 14:41:01,062 p=26435 u=rubp42 n=ansible | TASK [Allow ufw https] *********************************************************
2023-07-06 14:41:01,062 p=26435 u=rubp42 n=ansible | jeudi 06 juillet 2023  14:41:01 +0200 (0:00:01.731)       0:04:07.034 ********* 
2023-07-06 14:41:02,810 p=26435 u=rubp42 n=ansible | changed: [51.15.236.16]
2023-07-06 14:41:02,828 p=26435 u=rubp42 n=ansible | PLAY RECAP *********************************************************************
2023-07-06 14:41:02,828 p=26435 u=rubp42 n=ansible | 51.15.236.16               : ok=9    changed=5    unreachable=0    failed=0    skipped=0    rescued=0    ignored=0   
2023-07-06 14:41:02,829 p=26435 u=rubp42 n=ansible | jeudi 06 juillet 2023  14:41:02 +0200 (0:00:01.766)       0:04:08.801 ********* 
2023-07-06 14:41:02,829 p=26435 u=rubp42 n=ansible | =============================================================================== 
2023-07-06 14:41:02,829 p=26435 u=rubp42 n=ansible | install mysql, nginx, composer,php and required extensions ------------ 234.47s
2023-07-06 14:41:02,829 p=26435 u=rubp42 n=ansible | Gathering Facts --------------------------------------------------------- 4.53s
2023-07-06 14:41:02,829 p=26435 u=rubp42 n=ansible | Install ufw ------------------------------------------------------------- 2.44s
2023-07-06 14:41:02,829 p=26435 u=rubp42 n=ansible | Enable UFW -------------------------------------------------------------- 2.03s
2023-07-06 14:41:02,829 p=26435 u=rubp42 n=ansible | Allow ufw https --------------------------------------------------------- 1.77s
2023-07-06 14:41:02,829 p=26435 u=rubp42 n=ansible | Configure ufw openssh --------------------------------------------------- 1.73s
2023-07-06 14:41:02,829 p=26435 u=rubp42 n=ansible | Allow ufw http ---------------------------------------------------------- 1.73s
2023-07-06 14:41:02,829 p=26435 u=rubp42 n=ansible | include_vars ------------------------------------------------------------ 0.04s
2023-07-06 14:41:02,829 p=26435 u=rubp42 n=ansible | debug ------------------------------------------------------------------- 0.04s
2023-07-06 16:41:34,575 p=34044 u=rubp42 n=ansible | [DEPRECATION WARNING]: [defaults]callback_whitelist option, normalizing names to new standard, use 
callbacks_enabled instead. This feature will be removed from ansible-core in version 2.15. Deprecation warnings 
can be disabled by setting deprecation_warnings=False in ansible.cfg.
2023-07-06 16:41:37,029 p=34044 u=rubp42 n=ansible | 163.172.140.193 | SUCCESS => {
    "ansible_facts": {
        "discovered_interpreter_python": "/usr/bin/python3"
    },
    "changed": false,
    "ping": "pong"
}
2023-07-06 16:41:44,708 p=34097 u=rubp42 n=ansible | [DEPRECATION WARNING]: [defaults]callback_whitelist option, normalizing names to new standard, use 
callbacks_enabled instead. This feature will be removed from ansible-core in version 2.15. Deprecation warnings 
can be disabled by setting deprecation_warnings=False in ansible.cfg.
2023-07-06 16:41:44,874 p=34097 u=rubp42 n=ansible | PLAY [Install Required packages for Laravel on UBUNTU 22.04 (Takes Approximatively 4 min on SCW PLAY2-PICO)] ******
2023-07-06 16:41:44,893 p=34097 u=rubp42 n=ansible | TASK [Gathering Facts] ********************************************************************************************
2023-07-06 16:41:44,893 p=34097 u=rubp42 n=ansible | jeudi 06 juillet 2023  16:41:44 +0200 (0:00:00.020)       0:00:00.020 ********* 
2023-07-06 16:41:49,227 p=34097 u=rubp42 n=ansible | ok: [163.172.140.193]
2023-07-06 16:41:49,245 p=34097 u=rubp42 n=ansible | TASK [include_vars] ***********************************************************************************************
2023-07-06 16:41:49,245 p=34097 u=rubp42 n=ansible | jeudi 06 juillet 2023  16:41:49 +0200 (0:00:04.351)       0:00:04.372 ********* 
2023-07-06 16:41:49,276 p=34097 u=rubp42 n=ansible | ok: [163.172.140.193]
2023-07-06 16:41:49,282 p=34097 u=rubp42 n=ansible | TASK [debug] ******************************************************************************************************
2023-07-06 16:41:49,282 p=34097 u=rubp42 n=ansible | jeudi 06 juillet 2023  16:41:49 +0200 (0:00:00.037)       0:00:04.409 ********* 
2023-07-06 16:41:49,310 p=34097 u=rubp42 n=ansible | ok: [163.172.140.193] => {
    "msg": "Using variables file ./vars/variables.yml"
}
2023-07-06 16:41:49,316 p=34097 u=rubp42 n=ansible | TASK [install mysql, nginx, composer,php and required extensions] *************************************************
2023-07-06 16:41:49,316 p=34097 u=rubp42 n=ansible | jeudi 06 juillet 2023  16:41:49 +0200 (0:00:00.033)       0:00:04.443 ********* 
2023-07-06 16:45:54,100 p=34097 u=rubp42 n=ansible | changed: [163.172.140.193]
2023-07-06 16:45:54,117 p=34097 u=rubp42 n=ansible | TASK [Install composer 2.4.2] *************************************************************************************
2023-07-06 16:45:54,117 p=34097 u=rubp42 n=ansible | jeudi 06 juillet 2023  16:45:54 +0200 (0:04:04.801)       0:04:09.244 ********* 
2023-07-06 16:45:56,218 p=34097 u=rubp42 n=ansible | changed: [163.172.140.193]
2023-07-06 16:45:56,231 p=34097 u=rubp42 n=ansible | TASK [Add nodejs apt key] *****************************************************************************************
2023-07-06 16:45:56,231 p=34097 u=rubp42 n=ansible | jeudi 06 juillet 2023  16:45:56 +0200 (0:00:02.114)       0:04:11.359 ********* 
2023-07-06 16:45:58,913 p=34097 u=rubp42 n=ansible | changed: [163.172.140.193]
2023-07-06 16:45:58,923 p=34097 u=rubp42 n=ansible | TASK [Add nodejs 16.x ppa for apt repo] ***************************************************************************
2023-07-06 16:45:58,923 p=34097 u=rubp42 n=ansible | jeudi 06 juillet 2023  16:45:58 +0200 (0:00:02.691)       0:04:14.050 ********* 
2023-07-06 16:46:07,134 p=34097 u=rubp42 n=ansible | changed: [163.172.140.193]
2023-07-06 16:46:07,139 p=34097 u=rubp42 n=ansible | TASK [Install node] ***********************************************************************************************
2023-07-06 16:46:07,139 p=34097 u=rubp42 n=ansible | jeudi 06 juillet 2023  16:46:07 +0200 (0:00:08.216)       0:04:22.267 ********* 
2023-07-06 16:46:10,234 p=34097 u=rubp42 n=ansible | ok: [163.172.140.193]
2023-07-06 16:46:10,246 p=34097 u=rubp42 n=ansible | TASK [Install ufw] ************************************************************************************************
2023-07-06 16:46:10,246 p=34097 u=rubp42 n=ansible | jeudi 06 juillet 2023  16:46:10 +0200 (0:00:03.107)       0:04:25.374 ********* 
2023-07-06 16:46:12,484 p=34097 u=rubp42 n=ansible | ok: [163.172.140.193]
2023-07-06 16:46:12,497 p=34097 u=rubp42 n=ansible | TASK [Enable UFW] *************************************************************************************************
2023-07-06 16:46:12,497 p=34097 u=rubp42 n=ansible | jeudi 06 juillet 2023  16:46:12 +0200 (0:00:02.250)       0:04:27.624 ********* 
2023-07-06 16:46:14,442 p=34097 u=rubp42 n=ansible | changed: [163.172.140.193]
2023-07-06 16:46:14,454 p=34097 u=rubp42 n=ansible | TASK [Configure ufw openssh] **************************************************************************************
2023-07-06 16:46:14,455 p=34097 u=rubp42 n=ansible | jeudi 06 juillet 2023  16:46:14 +0200 (0:00:01.957)       0:04:29.582 ********* 
2023-07-06 16:46:16,154 p=34097 u=rubp42 n=ansible | changed: [163.172.140.193]
2023-07-06 16:46:16,162 p=34097 u=rubp42 n=ansible | TASK [Allow ufw http] *********************************************************************************************
2023-07-06 16:46:16,162 p=34097 u=rubp42 n=ansible | jeudi 06 juillet 2023  16:46:16 +0200 (0:00:01.707)       0:04:31.290 ********* 
2023-07-06 16:46:17,855 p=34097 u=rubp42 n=ansible | changed: [163.172.140.193]
2023-07-06 16:46:17,861 p=34097 u=rubp42 n=ansible | TASK [Allow ufw https] ********************************************************************************************
2023-07-06 16:46:17,861 p=34097 u=rubp42 n=ansible | jeudi 06 juillet 2023  16:46:17 +0200 (0:00:01.698)       0:04:32.988 ********* 
2023-07-06 16:46:19,576 p=34097 u=rubp42 n=ansible | changed: [163.172.140.193]
2023-07-06 16:46:19,596 p=34097 u=rubp42 n=ansible | PLAY RECAP ********************************************************************************************************
2023-07-06 16:46:19,596 p=34097 u=rubp42 n=ansible | 163.172.140.193            : ok=13   changed=8    unreachable=0    failed=0    skipped=0    rescued=0    ignored=0   
2023-07-06 16:46:19,596 p=34097 u=rubp42 n=ansible | jeudi 06 juillet 2023  16:46:19 +0200 (0:00:01.735)       0:04:34.723 ********* 
2023-07-06 16:46:19,596 p=34097 u=rubp42 n=ansible | =============================================================================== 
2023-07-06 16:46:19,596 p=34097 u=rubp42 n=ansible | install mysql, nginx, composer,php and required extensions ----------------------------------------------- 244.80s
2023-07-06 16:46:19,596 p=34097 u=rubp42 n=ansible | Add nodejs 16.x ppa for apt repo --------------------------------------------------------------------------- 8.22s
2023-07-06 16:46:19,596 p=34097 u=rubp42 n=ansible | Gathering Facts -------------------------------------------------------------------------------------------- 4.35s
2023-07-06 16:46:19,596 p=34097 u=rubp42 n=ansible | Install node ----------------------------------------------------------------------------------------------- 3.11s
2023-07-06 16:46:19,596 p=34097 u=rubp42 n=ansible | Add nodejs apt key ----------------------------------------------------------------------------------------- 2.69s
2023-07-06 16:46:19,597 p=34097 u=rubp42 n=ansible | Install ufw ------------------------------------------------------------------------------------------------ 2.25s
2023-07-06 16:46:19,597 p=34097 u=rubp42 n=ansible | Install composer 2.4.2 ------------------------------------------------------------------------------------- 2.11s
2023-07-06 16:46:19,597 p=34097 u=rubp42 n=ansible | Enable UFW ------------------------------------------------------------------------------------------------- 1.96s
2023-07-06 16:46:19,597 p=34097 u=rubp42 n=ansible | Allow ufw https -------------------------------------------------------------------------------------------- 1.74s
2023-07-06 16:46:19,597 p=34097 u=rubp42 n=ansible | Configure ufw openssh -------------------------------------------------------------------------------------- 1.71s
2023-07-06 16:46:19,597 p=34097 u=rubp42 n=ansible | Allow ufw http --------------------------------------------------------------------------------------------- 1.70s
2023-07-06 16:46:19,597 p=34097 u=rubp42 n=ansible | include_vars ----------------------------------------------------------------------------------------------- 0.04s
2023-07-06 16:46:19,597 p=34097 u=rubp42 n=ansible | debug ------------------------------------------------------------------------------------------------------ 0.03s
2023-07-06 17:46:21,590 p=40611 u=rubp42 n=ansible | [DEPRECATION WARNING]: [defaults]callback_whitelist option, normalizing names to new standard, use 
callbacks_enabled instead. This feature will be removed from ansible-core in version 2.15. Deprecation warnings 
can be disabled by setting deprecation_warnings=False in ansible.cfg.
2023-07-06 17:46:21,709 p=40611 u=rubp42 n=ansible | PLAY [transfert letsencrypt certificate to appropriate location] **************************************************
2023-07-06 17:46:21,716 p=40611 u=rubp42 n=ansible | TASK [Gathering Facts] ********************************************************************************************
2023-07-06 17:46:21,716 p=40611 u=rubp42 n=ansible | jeudi 06 juillet 2023  17:46:21 +0200 (0:00:00.009)       0:00:00.009 ********* 
2023-07-06 17:46:26,528 p=40611 u=rubp42 n=ansible | ok: [163.172.140.193]
2023-07-06 17:46:26,573 p=40611 u=rubp42 n=ansible | TASK [transfert certificates directory contetnts] *****************************************************************
2023-07-06 17:46:26,573 p=40611 u=rubp42 n=ansible | jeudi 06 juillet 2023  17:46:26 +0200 (0:00:04.856)       0:00:04.866 ********* 
2023-07-06 17:46:39,168 p=40611 u=rubp42 n=ansible | changed: [163.172.140.193]
2023-07-06 17:46:39,215 p=40611 u=rubp42 n=ansible | PLAY RECAP ********************************************************************************************************
2023-07-06 17:46:39,215 p=40611 u=rubp42 n=ansible | 163.172.140.193            : ok=2    changed=1    unreachable=0    failed=0    skipped=0    rescued=0    ignored=0   
2023-07-06 17:46:39,216 p=40611 u=rubp42 n=ansible | jeudi 06 juillet 2023  17:46:39 +0200 (0:00:12.642)       0:00:17.508 ********* 
2023-07-06 17:46:39,216 p=40611 u=rubp42 n=ansible | =============================================================================== 
2023-07-06 17:46:39,216 p=40611 u=rubp42 n=ansible | transfert certificates directory contetnts ---------------------------------------------------------------- 12.64s
2023-07-06 17:46:39,216 p=40611 u=rubp42 n=ansible | Gathering Facts -------------------------------------------------------------------------------------------- 4.86s
2023-07-06 18:01:44,619 p=42244 u=rubp42 n=ansible | [DEPRECATION WARNING]: [defaults]callback_whitelist option, normalizing names 
to new standard, use callbacks_enabled instead. This feature will be removed 
from ansible-core in version 2.15. Deprecation warnings can be disabled by 
setting deprecation_warnings=False in ansible.cfg.
2023-07-06 18:01:44,731 p=42244 u=rubp42 n=ansible | PLAY [transfert letsencrypt certificate to appropriate location] ***************
2023-07-06 18:01:44,738 p=42244 u=rubp42 n=ansible | TASK [Gathering Facts] *********************************************************
2023-07-06 18:01:44,739 p=42244 u=rubp42 n=ansible | jeudi 06 juillet 2023  18:01:44 +0200 (0:00:00.008)       0:00:00.008 ********* 
2023-07-06 18:01:48,896 p=42244 u=rubp42 n=ansible | ok: [163.172.140.193]
2023-07-06 18:01:48,936 p=42244 u=rubp42 n=ansible | TASK [transfert certificates directory contetnts] ******************************
2023-07-06 18:01:48,936 p=42244 u=rubp42 n=ansible | jeudi 06 juillet 2023  18:01:48 +0200 (0:00:04.197)       0:00:04.206 ********* 
2023-07-06 18:01:48,962 p=42244 u=rubp42 n=ansible | fatal: [163.172.140.193]: FAILED! => {"msg": "The task includes an option with an undefined variable. The error was: 'SITE_URL' is undefined. 'SITE_URL' is undefined\n\nThe error appears to be in '/home/rubp42/Documents/machine cna/deploiement3/1-bis-copy_letsencrypt_certificates.yml': line 7, column 7, but may\nbe elsewhere in the file depending on the exact syntax problem.\n\nThe offending line appears to be:\n\n\n    - name: \"transfert certificates directory contetnts\"\n      ^ here\n"}
2023-07-06 18:01:48,964 p=42244 u=rubp42 n=ansible | PLAY RECAP *********************************************************************
2023-07-06 18:01:48,964 p=42244 u=rubp42 n=ansible | 163.172.140.193            : ok=1    changed=0    unreachable=0    failed=1    skipped=0    rescued=0    ignored=0   
2023-07-06 18:01:48,964 p=42244 u=rubp42 n=ansible | jeudi 06 juillet 2023  18:01:48 +0200 (0:00:00.027)       0:00:04.234 ********* 
2023-07-06 18:01:48,964 p=42244 u=rubp42 n=ansible | =============================================================================== 
2023-07-06 18:01:48,964 p=42244 u=rubp42 n=ansible | Gathering Facts --------------------------------------------------------- 4.20s
2023-07-06 18:01:48,964 p=42244 u=rubp42 n=ansible | transfert certificates directory contetnts ------------------------------ 0.03s
2023-07-06 18:02:51,414 p=42389 u=rubp42 n=ansible | [DEPRECATION WARNING]: [defaults]callback_whitelist option, normalizing names 
to new standard, use callbacks_enabled instead. This feature will be removed 
from ansible-core in version 2.15. Deprecation warnings can be disabled by 
setting deprecation_warnings=False in ansible.cfg.
2023-07-06 18:02:51,530 p=42389 u=rubp42 n=ansible | PLAY [transfert letsencrypt certificate to appropriate location] ***************
2023-07-06 18:02:51,537 p=42389 u=rubp42 n=ansible | TASK [Gathering Facts] *********************************************************
2023-07-06 18:02:51,537 p=42389 u=rubp42 n=ansible | jeudi 06 juillet 2023  18:02:51 +0200 (0:00:00.008)       0:00:00.008 ********* 
2023-07-06 18:02:55,727 p=42389 u=rubp42 n=ansible | ok: [163.172.140.193]
2023-07-06 18:02:55,768 p=42389 u=rubp42 n=ansible | TASK [include_vars] ************************************************************
2023-07-06 18:02:55,768 p=42389 u=rubp42 n=ansible | jeudi 06 juillet 2023  18:02:55 +0200 (0:00:04.231)       0:00:04.239 ********* 
2023-07-06 18:02:55,802 p=42389 u=rubp42 n=ansible | ok: [163.172.140.193]
2023-07-06 18:02:55,815 p=42389 u=rubp42 n=ansible | TASK [transfert certificates directory contetnts] ******************************
2023-07-06 18:02:55,816 p=42389 u=rubp42 n=ansible | jeudi 06 juillet 2023  18:02:55 +0200 (0:00:00.047)       0:00:04.286 ********* 
2023-07-06 18:03:08,308 p=42389 u=rubp42 n=ansible | changed: [163.172.140.193]
2023-07-06 18:03:08,353 p=42389 u=rubp42 n=ansible | PLAY RECAP *********************************************************************
2023-07-06 18:03:08,354 p=42389 u=rubp42 n=ansible | 163.172.140.193            : ok=3    changed=1    unreachable=0    failed=0    skipped=0    rescued=0    ignored=0   
2023-07-06 18:03:08,354 p=42389 u=rubp42 n=ansible | jeudi 06 juillet 2023  18:03:08 +0200 (0:00:12.537)       0:00:16.824 ********* 
2023-07-06 18:03:08,354 p=42389 u=rubp42 n=ansible | =============================================================================== 
2023-07-06 18:03:08,354 p=42389 u=rubp42 n=ansible | transfert certificates directory contetnts ----------------------------- 12.54s
2023-07-06 18:03:08,354 p=42389 u=rubp42 n=ansible | Gathering Facts --------------------------------------------------------- 4.23s
2023-07-06 18:03:08,354 p=42389 u=rubp42 n=ansible | include_vars ------------------------------------------------------------ 0.05s
2023-07-06 19:01:32,686 p=47540 u=rubp42 n=ansible | [DEPRECATION WARNING]: [defaults]callback_whitelist option, normalizing names 
to new standard, use callbacks_enabled instead. This feature will be removed 
from ansible-core in version 2.15. Deprecation warnings can be disabled by 
setting deprecation_warnings=False in ansible.cfg.
2023-07-06 19:01:32,815 p=47540 u=rubp42 n=ansible | PLAY [webservers] **************************************************************
2023-07-06 19:01:32,824 p=47540 u=rubp42 n=ansible | TASK [Gathering Facts] *********************************************************
2023-07-06 19:01:32,824 p=47540 u=rubp42 n=ansible | jeudi 06 juillet 2023  19:01:32 +0200 (0:00:00.010)       0:00:00.010 ********* 
2023-07-06 19:01:37,176 p=47540 u=rubp42 n=ansible | ok: [163.172.140.193]
2023-07-06 19:01:37,215 p=47540 u=rubp42 n=ansible | TASK [include_vars] ************************************************************
2023-07-06 19:01:37,215 p=47540 u=rubp42 n=ansible | jeudi 06 juillet 2023  19:01:37 +0200 (0:00:04.391)       0:00:04.401 ********* 
2023-07-06 19:01:37,244 p=47540 u=rubp42 n=ansible | ok: [163.172.140.193]
2023-07-06 19:01:37,257 p=47540 u=rubp42 n=ansible | TASK [Creates shared directories] **********************************************
2023-07-06 19:01:37,258 p=47540 u=rubp42 n=ansible | jeudi 06 juillet 2023  19:01:37 +0200 (0:00:00.042)       0:00:04.443 ********* 
2023-07-06 19:01:38,985 p=47540 u=rubp42 n=ansible | changed: [163.172.140.193] => (item=releases)
2023-07-06 19:01:40,541 p=47540 u=rubp42 n=ansible | changed: [163.172.140.193] => (item=shared/storage/logs)
2023-07-06 19:01:42,114 p=47540 u=rubp42 n=ansible | changed: [163.172.140.193] => (item=shared/storage/framework/sessions)
2023-07-06 19:01:43,674 p=47540 u=rubp42 n=ansible | changed: [163.172.140.193] => (item=shared/storage/framework/testing)
2023-07-06 19:01:45,225 p=47540 u=rubp42 n=ansible | changed: [163.172.140.193] => (item=shared/storage/framework/views)
2023-07-06 19:01:46,779 p=47540 u=rubp42 n=ansible | changed: [163.172.140.193] => (item=shared/storage/framework/cache/data)
2023-07-06 19:01:46,799 p=47540 u=rubp42 n=ansible | TASK [Copy the .ENV file in shared folder] *************************************
2023-07-06 19:01:46,799 p=47540 u=rubp42 n=ansible | jeudi 06 juillet 2023  19:01:46 +0200 (0:00:09.541)       0:00:13.985 ********* 
2023-07-06 19:01:50,239 p=47540 u=rubp42 n=ansible | changed: [163.172.140.193]
2023-07-06 19:01:50,251 p=47540 u=rubp42 n=ansible | TASK [Copy the options-ssl-nginx.conf] *****************************************
2023-07-06 19:01:50,252 p=47540 u=rubp42 n=ansible | jeudi 06 juillet 2023  19:01:50 +0200 (0:00:03.452)       0:00:17.438 ********* 
2023-07-06 19:01:53,460 p=47540 u=rubp42 n=ansible | changed: [163.172.140.193]
2023-07-06 19:01:53,474 p=47540 u=rubp42 n=ansible | TASK [Copy the nginx config file] **********************************************
2023-07-06 19:01:53,475 p=47540 u=rubp42 n=ansible | jeudi 06 juillet 2023  19:01:53 +0200 (0:00:03.222)       0:00:20.661 ********* 
2023-07-06 19:01:56,688 p=47540 u=rubp42 n=ansible | changed: [163.172.140.193]
2023-07-06 19:01:56,699 p=47540 u=rubp42 n=ansible | TASK [generate Diffie-Hellman key] *********************************************
2023-07-06 19:01:56,699 p=47540 u=rubp42 n=ansible | jeudi 06 juillet 2023  19:01:56 +0200 (0:00:03.224)       0:00:23.885 ********* 
2023-07-06 19:02:27,172 p=47540 u=rubp42 n=ansible | changed: [163.172.140.193]
2023-07-06 19:02:27,185 p=47540 u=rubp42 n=ansible | TASK [Remove default nginx symlink] ********************************************
2023-07-06 19:02:27,185 p=47540 u=rubp42 n=ansible | jeudi 06 juillet 2023  19:02:27 +0200 (0:00:30.485)       0:00:54.371 ********* 
2023-07-06 19:02:28,762 p=47540 u=rubp42 n=ansible | ok: [163.172.140.193]
2023-07-06 19:02:28,777 p=47540 u=rubp42 n=ansible | TASK [Add  nginx symlink] ******************************************************
2023-07-06 19:02:28,777 p=47540 u=rubp42 n=ansible | jeudi 06 juillet 2023  19:02:28 +0200 (0:00:01.592)       0:00:55.963 ********* 
2023-07-06 19:02:30,353 p=47540 u=rubp42 n=ansible | changed: [163.172.140.193]
2023-07-06 19:02:30,400 p=47540 u=rubp42 n=ansible | PLAY RECAP *********************************************************************
2023-07-06 19:02:30,400 p=47540 u=rubp42 n=ansible | 163.172.140.193            : ok=9    changed=6    unreachable=0    failed=0    skipped=0    rescued=0    ignored=0   
2023-07-06 19:02:30,400 p=47540 u=rubp42 n=ansible | jeudi 06 juillet 2023  19:02:30 +0200 (0:00:01.623)       0:00:57.586 ********* 
2023-07-06 19:02:30,400 p=47540 u=rubp42 n=ansible | =============================================================================== 
2023-07-06 19:02:30,400 p=47540 u=rubp42 n=ansible | generate Diffie-Hellman key -------------------------------------------- 30.49s
2023-07-06 19:02:30,401 p=47540 u=rubp42 n=ansible | Creates shared directories ---------------------------------------------- 9.54s
2023-07-06 19:02:30,401 p=47540 u=rubp42 n=ansible | Gathering Facts --------------------------------------------------------- 4.39s
2023-07-06 19:02:30,401 p=47540 u=rubp42 n=ansible | Copy the .ENV file in shared folder ------------------------------------- 3.45s
2023-07-06 19:02:30,401 p=47540 u=rubp42 n=ansible | Copy the nginx config file ---------------------------------------------- 3.22s
2023-07-06 19:02:30,401 p=47540 u=rubp42 n=ansible | Copy the options-ssl-nginx.conf ----------------------------------------- 3.22s
2023-07-06 19:02:30,401 p=47540 u=rubp42 n=ansible | Add  nginx symlink ------------------------------------------------------ 1.62s
2023-07-06 19:02:30,401 p=47540 u=rubp42 n=ansible | Remove default nginx symlink -------------------------------------------- 1.59s
2023-07-06 19:02:30,401 p=47540 u=rubp42 n=ansible | include_vars ------------------------------------------------------------ 0.04s
2023-07-06 19:55:09,781 p=51883 u=rubp42 n=ansible | [DEPRECATION WARNING]: [defaults]callback_whitelist option, normalizing names 
to new standard, use callbacks_enabled instead. This feature will be removed 
from ansible-core in version 2.15. Deprecation warnings can be disabled by 
setting deprecation_warnings=False in ansible.cfg.
2023-07-06 19:55:09,955 p=51883 u=rubp42 n=ansible | PLAY [webservers] **************************************************************
2023-07-06 19:55:09,962 p=51883 u=rubp42 n=ansible | TASK [Gathering Facts] *********************************************************
2023-07-06 19:55:09,962 p=51883 u=rubp42 n=ansible | jeudi 06 juillet 2023  19:55:09 +0200 (0:00:00.008)       0:00:00.008 ********* 
2023-07-06 19:55:14,154 p=51883 u=rubp42 n=ansible | ok: [163.172.140.193]
2023-07-06 19:55:14,193 p=51883 u=rubp42 n=ansible | TASK [include_vars] ************************************************************
2023-07-06 19:55:14,193 p=51883 u=rubp42 n=ansible | jeudi 06 juillet 2023  19:55:14 +0200 (0:00:04.231)       0:00:04.240 ********* 
2023-07-06 19:55:14,223 p=51883 u=rubp42 n=ansible | ok: [163.172.140.193]
2023-07-06 19:55:14,236 p=51883 u=rubp42 n=ansible | TASK [Clone specific Laravel tagged version] ***********************************
2023-07-06 19:55:14,236 p=51883 u=rubp42 n=ansible | jeudi 06 juillet 2023  19:55:14 +0200 (0:00:00.042)       0:00:04.282 ********* 
2023-07-06 19:55:18,816 p=51883 u=rubp42 n=ansible | changed: [163.172.140.193]
2023-07-06 19:55:18,829 p=51883 u=rubp42 n=ansible | TASK [Check for package.json] **************************************************
2023-07-06 19:55:18,829 p=51883 u=rubp42 n=ansible | jeudi 06 juillet 2023  19:55:18 +0200 (0:00:04.592)       0:00:08.875 ********* 
2023-07-06 19:55:20,496 p=51883 u=rubp42 n=ansible | ok: [163.172.140.193]
2023-07-06 19:55:20,510 p=51883 u=rubp42 n=ansible | TASK [install front-end project's dependencies in the project] *****************
2023-07-06 19:55:20,510 p=51883 u=rubp42 n=ansible | jeudi 06 juillet 2023  19:55:20 +0200 (0:00:01.681)       0:00:10.557 ********* 
2023-07-06 19:55:48,013 p=51883 u=rubp42 n=ansible | changed: [163.172.140.193]
2023-07-06 19:55:48,026 p=51883 u=rubp42 n=ansible | TASK [Execute Composer Install to install dependencies] ************************
2023-07-06 19:55:48,026 p=51883 u=rubp42 n=ansible | jeudi 06 juillet 2023  19:55:48 +0200 (0:00:27.515)       0:00:38.072 ********* 
2023-07-06 19:55:59,031 p=51883 u=rubp42 n=ansible | changed: [163.172.140.193]
2023-07-06 19:55:59,038 p=51883 u=rubp42 n=ansible | TASK [Create Symlink to .env] **************************************************
2023-07-06 19:55:59,038 p=51883 u=rubp42 n=ansible | jeudi 06 juillet 2023  19:55:59 +0200 (0:00:11.012)       0:00:49.085 ********* 
2023-07-06 19:56:00,743 p=51883 u=rubp42 n=ansible | changed: [163.172.140.193]
2023-07-06 19:56:00,757 p=51883 u=rubp42 n=ansible | TASK [Remove local storage] ****************************************************
2023-07-06 19:56:00,757 p=51883 u=rubp42 n=ansible | jeudi 06 juillet 2023  19:56:00 +0200 (0:00:01.718)       0:00:50.803 ********* 
2023-07-06 19:56:02,329 p=51883 u=rubp42 n=ansible | changed: [163.172.140.193]
2023-07-06 19:56:02,343 p=51883 u=rubp42 n=ansible | TASK [Create Symlink to storage] ***********************************************
2023-07-06 19:56:02,343 p=51883 u=rubp42 n=ansible | jeudi 06 juillet 2023  19:56:02 +0200 (0:00:01.585)       0:00:52.389 ********* 
2023-07-06 19:56:03,926 p=51883 u=rubp42 n=ansible | changed: [163.172.140.193]
2023-07-06 19:56:03,940 p=51883 u=rubp42 n=ansible | TASK [Change ownership] ********************************************************
2023-07-06 19:56:03,940 p=51883 u=rubp42 n=ansible | jeudi 06 juillet 2023  19:56:03 +0200 (0:00:01.596)       0:00:53.986 ********* 
2023-07-06 19:56:06,986 p=51883 u=rubp42 n=ansible | changed: [163.172.140.193]
2023-07-06 19:56:06,999 p=51883 u=rubp42 n=ansible | TASK [Run database migrations] *************************************************
2023-07-06 19:56:06,999 p=51883 u=rubp42 n=ansible | jeudi 06 juillet 2023  19:56:06 +0200 (0:00:03.058)       0:00:57.045 ********* 
2023-07-06 19:56:08,589 p=51883 u=rubp42 n=ansible | fatal: [163.172.140.193]: FAILED! => {"changed": true, "cmd": ["php", "artisan", "migrate", "--no-interaction", "--force"], "delta": "0:00:00.032927", "end": "2023-07-06 17:56:08.497457", "msg": "non-zero return code", "rc": 1, "start": "2023-07-06 17:56:08.464530", "stderr": "The environment file is invalid!\nFailed to parse dotenv file. Encountered unexpected whitespace at [{{ APP_NAME }}].", "stderr_lines": ["The environment file is invalid!", "Failed to parse dotenv file. Encountered unexpected whitespace at [{{ APP_NAME }}]."], "stdout": "", "stdout_lines": []}
2023-07-06 19:56:08,590 p=51883 u=rubp42 n=ansible | PLAY RECAP *********************************************************************
2023-07-06 19:56:08,591 p=51883 u=rubp42 n=ansible | 163.172.140.193            : ok=10   changed=7    unreachable=0    failed=1    skipped=0    rescued=0    ignored=0   
2023-07-06 19:56:08,591 p=51883 u=rubp42 n=ansible | jeudi 06 juillet 2023  19:56:08 +0200 (0:00:01.591)       0:00:58.637 ********* 
2023-07-06 19:56:08,591 p=51883 u=rubp42 n=ansible | =============================================================================== 
2023-07-06 19:56:08,591 p=51883 u=rubp42 n=ansible | install front-end project's dependencies in the project ---------------- 27.52s
2023-07-06 19:56:08,591 p=51883 u=rubp42 n=ansible | Execute Composer Install to install dependencies ----------------------- 11.01s
2023-07-06 19:56:08,591 p=51883 u=rubp42 n=ansible | Clone specific Laravel tagged version ----------------------------------- 4.59s
2023-07-06 19:56:08,591 p=51883 u=rubp42 n=ansible | Gathering Facts --------------------------------------------------------- 4.23s
2023-07-06 19:56:08,592 p=51883 u=rubp42 n=ansible | Change ownership -------------------------------------------------------- 3.06s
2023-07-06 19:56:08,592 p=51883 u=rubp42 n=ansible | Create Symlink to .env -------------------------------------------------- 1.72s
2023-07-06 19:56:08,592 p=51883 u=rubp42 n=ansible | Check for package.json -------------------------------------------------- 1.68s
2023-07-06 19:56:08,592 p=51883 u=rubp42 n=ansible | Create Symlink to storage ----------------------------------------------- 1.60s
2023-07-06 19:56:08,592 p=51883 u=rubp42 n=ansible | Run database migrations ------------------------------------------------- 1.59s
2023-07-06 19:56:08,592 p=51883 u=rubp42 n=ansible | Remove local storage ---------------------------------------------------- 1.59s
2023-07-06 19:56:08,592 p=51883 u=rubp42 n=ansible | include_vars ------------------------------------------------------------ 0.04s
2023-07-06 20:09:25,587 p=52882 u=rubp42 n=ansible | [DEPRECATION WARNING]: [defaults]callback_whitelist option, normalizing names 
to new standard, use callbacks_enabled instead. This feature will be removed 
from ansible-core in version 2.15. Deprecation warnings can be disabled by 
setting deprecation_warnings=False in ansible.cfg.
2023-07-06 20:09:25,763 p=52882 u=rubp42 n=ansible | PLAY [webservers] **************************************************************
2023-07-06 20:09:25,770 p=52882 u=rubp42 n=ansible | TASK [Gathering Facts] *********************************************************
2023-07-06 20:09:25,770 p=52882 u=rubp42 n=ansible | jeudi 06 juillet 2023  20:09:25 +0200 (0:00:00.008)       0:00:00.008 ********* 
2023-07-06 20:09:30,169 p=52882 u=rubp42 n=ansible | ok: [163.172.140.193]
2023-07-06 20:09:30,212 p=52882 u=rubp42 n=ansible | TASK [include_vars] ************************************************************
2023-07-06 20:09:30,212 p=52882 u=rubp42 n=ansible | jeudi 06 juillet 2023  20:09:30 +0200 (0:00:04.441)       0:00:04.450 ********* 
2023-07-06 20:09:30,244 p=52882 u=rubp42 n=ansible | ok: [163.172.140.193]
2023-07-06 20:09:30,258 p=52882 u=rubp42 n=ansible | TASK [Clone specific Laravel tagged version] ***********************************
2023-07-06 20:09:30,258 p=52882 u=rubp42 n=ansible | jeudi 06 juillet 2023  20:09:30 +0200 (0:00:00.046)       0:00:04.496 ********* 
2023-07-06 20:09:34,808 p=52882 u=rubp42 n=ansible | changed: [163.172.140.193]
2023-07-06 20:09:34,821 p=52882 u=rubp42 n=ansible | TASK [Check for package.json] **************************************************
2023-07-06 20:09:34,822 p=52882 u=rubp42 n=ansible | jeudi 06 juillet 2023  20:09:34 +0200 (0:00:04.563)       0:00:09.060 ********* 
2023-07-06 20:09:36,514 p=52882 u=rubp42 n=ansible | ok: [163.172.140.193]
2023-07-06 20:09:36,532 p=52882 u=rubp42 n=ansible | TASK [install front-end project's dependencies in the project] *****************
2023-07-06 20:09:36,532 p=52882 u=rubp42 n=ansible | jeudi 06 juillet 2023  20:09:36 +0200 (0:00:01.710)       0:00:10.770 ********* 
2023-07-06 20:09:49,900 p=52882 u=rubp42 n=ansible | changed: [163.172.140.193]
2023-07-06 20:09:49,915 p=52882 u=rubp42 n=ansible | TASK [Execute Composer Install to install dependencies] ************************
2023-07-06 20:09:49,915 p=52882 u=rubp42 n=ansible | jeudi 06 juillet 2023  20:09:49 +0200 (0:00:13.383)       0:00:24.153 ********* 
2023-07-06 20:09:57,376 p=52882 u=rubp42 n=ansible | changed: [163.172.140.193]
2023-07-06 20:09:57,391 p=52882 u=rubp42 n=ansible | TASK [Create Symlink to .env] **************************************************
2023-07-06 20:09:57,391 p=52882 u=rubp42 n=ansible | jeudi 06 juillet 2023  20:09:57 +0200 (0:00:07.475)       0:00:31.629 ********* 
2023-07-06 20:09:59,163 p=52882 u=rubp42 n=ansible | changed: [163.172.140.193]
2023-07-06 20:09:59,176 p=52882 u=rubp42 n=ansible | TASK [Remove local storage] ****************************************************
2023-07-06 20:09:59,176 p=52882 u=rubp42 n=ansible | jeudi 06 juillet 2023  20:09:59 +0200 (0:00:01.785)       0:00:33.414 ********* 
2023-07-06 20:10:00,751 p=52882 u=rubp42 n=ansible | changed: [163.172.140.193]
2023-07-06 20:10:00,765 p=52882 u=rubp42 n=ansible | TASK [Create Symlink to storage] ***********************************************
2023-07-06 20:10:00,765 p=52882 u=rubp42 n=ansible | jeudi 06 juillet 2023  20:10:00 +0200 (0:00:01.588)       0:00:35.003 ********* 
2023-07-06 20:10:02,365 p=52882 u=rubp42 n=ansible | changed: [163.172.140.193]
2023-07-06 20:10:02,379 p=52882 u=rubp42 n=ansible | TASK [Change ownership] ********************************************************
2023-07-06 20:10:02,379 p=52882 u=rubp42 n=ansible | jeudi 06 juillet 2023  20:10:02 +0200 (0:00:01.613)       0:00:36.617 ********* 
2023-07-06 20:10:05,346 p=52882 u=rubp42 n=ansible | changed: [163.172.140.193]
2023-07-06 20:10:05,354 p=52882 u=rubp42 n=ansible | TASK [Run php Artisan commands optimize] ***************************************
2023-07-06 20:10:05,355 p=52882 u=rubp42 n=ansible | jeudi 06 juillet 2023  20:10:05 +0200 (0:00:02.975)       0:00:39.593 ********* 
2023-07-06 20:10:06,927 p=52882 u=rubp42 n=ansible | fatal: [163.172.140.193]: FAILED! => {"changed": true, "cmd": ["php", "artisan", "optimize"], "delta": "0:00:00.033909", "end": "2023-07-06 18:10:06.839577", "msg": "non-zero return code", "rc": 1, "start": "2023-07-06 18:10:06.805668", "stderr": "The environment file is invalid!\nFailed to parse dotenv file. Encountered unexpected whitespace at [{{ APP_NAME }}].", "stderr_lines": ["The environment file is invalid!", "Failed to parse dotenv file. Encountered unexpected whitespace at [{{ APP_NAME }}]."], "stdout": "", "stdout_lines": []}
2023-07-06 20:10:06,929 p=52882 u=rubp42 n=ansible | PLAY RECAP *********************************************************************
2023-07-06 20:10:06,929 p=52882 u=rubp42 n=ansible | 163.172.140.193            : ok=10   changed=7    unreachable=0    failed=1    skipped=0    rescued=0    ignored=0   
2023-07-06 20:10:06,929 p=52882 u=rubp42 n=ansible | jeudi 06 juillet 2023  20:10:06 +0200 (0:00:01.574)       0:00:41.167 ********* 
2023-07-06 20:10:06,929 p=52882 u=rubp42 n=ansible | =============================================================================== 
2023-07-06 20:10:06,929 p=52882 u=rubp42 n=ansible | install front-end project's dependencies in the project ---------------- 13.38s
2023-07-06 20:10:06,930 p=52882 u=rubp42 n=ansible | Execute Composer Install to install dependencies ------------------------ 7.48s
2023-07-06 20:10:06,930 p=52882 u=rubp42 n=ansible | Clone specific Laravel tagged version ----------------------------------- 4.56s
2023-07-06 20:10:06,930 p=52882 u=rubp42 n=ansible | Gathering Facts --------------------------------------------------------- 4.44s
2023-07-06 20:10:06,930 p=52882 u=rubp42 n=ansible | Change ownership -------------------------------------------------------- 2.98s
2023-07-06 20:10:06,930 p=52882 u=rubp42 n=ansible | Create Symlink to .env -------------------------------------------------- 1.79s
2023-07-06 20:10:06,930 p=52882 u=rubp42 n=ansible | Check for package.json -------------------------------------------------- 1.71s
2023-07-06 20:10:06,930 p=52882 u=rubp42 n=ansible | Create Symlink to storage ----------------------------------------------- 1.61s
2023-07-06 20:10:06,930 p=52882 u=rubp42 n=ansible | Remove local storage ---------------------------------------------------- 1.59s
2023-07-06 20:10:06,930 p=52882 u=rubp42 n=ansible | Run php Artisan commands optimize --------------------------------------- 1.57s
2023-07-06 20:10:06,931 p=52882 u=rubp42 n=ansible | include_vars ------------------------------------------------------------ 0.05s
2023-07-06 20:19:49,820 p=53729 u=rubp42 n=ansible | [DEPRECATION WARNING]: [defaults]callback_whitelist option, normalizing names 
to new standard, use callbacks_enabled instead. This feature will be removed 
from ansible-core in version 2.15. Deprecation warnings can be disabled by 
setting deprecation_warnings=False in ansible.cfg.
2023-07-06 20:19:49,941 p=53729 u=rubp42 n=ansible | PLAY [webservers] **************************************************************
2023-07-06 20:19:49,948 p=53729 u=rubp42 n=ansible | TASK [Gathering Facts] *********************************************************
2023-07-06 20:19:49,949 p=53729 u=rubp42 n=ansible | jeudi 06 juillet 2023  20:19:49 +0200 (0:00:00.008)       0:00:00.008 ********* 
2023-07-06 20:19:54,360 p=53729 u=rubp42 n=ansible | ok: [163.172.140.193]
2023-07-06 20:19:54,400 p=53729 u=rubp42 n=ansible | TASK [include_vars] ************************************************************
2023-07-06 20:19:54,400 p=53729 u=rubp42 n=ansible | jeudi 06 juillet 2023  20:19:54 +0200 (0:00:04.451)       0:00:04.460 ********* 
2023-07-06 20:19:54,433 p=53729 u=rubp42 n=ansible | ok: [163.172.140.193]
2023-07-06 20:19:54,448 p=53729 u=rubp42 n=ansible | TASK [Copy the .ENV file in shared folder] *************************************
2023-07-06 20:19:54,448 p=53729 u=rubp42 n=ansible | jeudi 06 juillet 2023  20:19:54 +0200 (0:00:00.047)       0:00:04.508 ********* 
2023-07-06 20:19:57,956 p=53729 u=rubp42 n=ansible | changed: [163.172.140.193]
2023-07-06 20:19:57,969 p=53729 u=rubp42 n=ansible | TASK [Copy the nginx config file] **********************************************
2023-07-06 20:19:57,970 p=53729 u=rubp42 n=ansible | jeudi 06 juillet 2023  20:19:57 +0200 (0:00:03.521)       0:00:08.029 ********* 
2023-07-06 20:20:01,206 p=53729 u=rubp42 n=ansible | changed: [163.172.140.193]
2023-07-06 20:20:01,257 p=53729 u=rubp42 n=ansible | PLAY RECAP *********************************************************************
2023-07-06 20:20:01,258 p=53729 u=rubp42 n=ansible | 163.172.140.193            : ok=4    changed=2    unreachable=0    failed=0    skipped=0    rescued=0    ignored=0   
2023-07-06 20:20:01,258 p=53729 u=rubp42 n=ansible | jeudi 06 juillet 2023  20:20:01 +0200 (0:00:03.288)       0:00:11.318 ********* 
2023-07-06 20:20:01,258 p=53729 u=rubp42 n=ansible | =============================================================================== 
2023-07-06 20:20:01,258 p=53729 u=rubp42 n=ansible | Gathering Facts --------------------------------------------------------- 4.45s
2023-07-06 20:20:01,258 p=53729 u=rubp42 n=ansible | Copy the .ENV file in shared folder ------------------------------------- 3.52s
2023-07-06 20:20:01,259 p=53729 u=rubp42 n=ansible | Copy the nginx config file ---------------------------------------------- 3.29s
2023-07-06 20:20:01,259 p=53729 u=rubp42 n=ansible | include_vars ------------------------------------------------------------ 0.05s
2023-07-06 20:20:49,016 p=53867 u=rubp42 n=ansible | [DEPRECATION WARNING]: [defaults]callback_whitelist option, normalizing names 
to new standard, use callbacks_enabled instead. This feature will be removed 
from ansible-core in version 2.15. Deprecation warnings can be disabled by 
setting deprecation_warnings=False in ansible.cfg.
2023-07-06 20:20:49,192 p=53867 u=rubp42 n=ansible | PLAY [webservers] **************************************************************
2023-07-06 20:20:49,199 p=53867 u=rubp42 n=ansible | TASK [Gathering Facts] *********************************************************
2023-07-06 20:20:49,199 p=53867 u=rubp42 n=ansible | jeudi 06 juillet 2023  20:20:49 +0200 (0:00:00.008)       0:00:00.008 ********* 
2023-07-06 20:20:52,754 p=53867 u=rubp42 n=ansible | ok: [163.172.140.193]
2023-07-06 20:20:52,793 p=53867 u=rubp42 n=ansible | TASK [include_vars] ************************************************************
2023-07-06 20:20:52,794 p=53867 u=rubp42 n=ansible | jeudi 06 juillet 2023  20:20:52 +0200 (0:00:03.594)       0:00:03.603 ********* 
2023-07-06 20:20:52,823 p=53867 u=rubp42 n=ansible | ok: [163.172.140.193]
2023-07-06 20:20:52,836 p=53867 u=rubp42 n=ansible | TASK [Clone specific Laravel tagged version] ***********************************
2023-07-06 20:20:52,837 p=53867 u=rubp42 n=ansible | jeudi 06 juillet 2023  20:20:52 +0200 (0:00:00.043)       0:00:03.646 ********* 
2023-07-06 20:20:57,276 p=53867 u=rubp42 n=ansible | changed: [163.172.140.193]
2023-07-06 20:20:57,290 p=53867 u=rubp42 n=ansible | TASK [Check for package.json] **************************************************
2023-07-06 20:20:57,290 p=53867 u=rubp42 n=ansible | jeudi 06 juillet 2023  20:20:57 +0200 (0:00:04.453)       0:00:08.099 ********* 
2023-07-06 20:20:58,982 p=53867 u=rubp42 n=ansible | ok: [163.172.140.193]
2023-07-06 20:20:58,998 p=53867 u=rubp42 n=ansible | TASK [install front-end project's dependencies in the project] *****************
2023-07-06 20:20:58,998 p=53867 u=rubp42 n=ansible | jeudi 06 juillet 2023  20:20:58 +0200 (0:00:01.708)       0:00:09.808 ********* 
2023-07-06 20:21:12,649 p=53867 u=rubp42 n=ansible | changed: [163.172.140.193]
2023-07-06 20:21:12,662 p=53867 u=rubp42 n=ansible | TASK [Execute Composer Install to install dependencies] ************************
2023-07-06 20:21:12,663 p=53867 u=rubp42 n=ansible | jeudi 06 juillet 2023  20:21:12 +0200 (0:00:13.664)       0:00:23.472 ********* 
2023-07-06 20:21:20,221 p=53867 u=rubp42 n=ansible | changed: [163.172.140.193]
2023-07-06 20:21:20,235 p=53867 u=rubp42 n=ansible | TASK [Create Symlink to .env] **************************************************
2023-07-06 20:21:20,235 p=53867 u=rubp42 n=ansible | jeudi 06 juillet 2023  20:21:20 +0200 (0:00:07.572)       0:00:31.044 ********* 
2023-07-06 20:21:22,009 p=53867 u=rubp42 n=ansible | changed: [163.172.140.193]
2023-07-06 20:21:22,022 p=53867 u=rubp42 n=ansible | TASK [Remove local storage] ****************************************************
2023-07-06 20:21:22,022 p=53867 u=rubp42 n=ansible | jeudi 06 juillet 2023  20:21:22 +0200 (0:00:01.787)       0:00:32.831 ********* 
2023-07-06 20:21:23,625 p=53867 u=rubp42 n=ansible | changed: [163.172.140.193]
2023-07-06 20:21:23,641 p=53867 u=rubp42 n=ansible | TASK [Create Symlink to storage] ***********************************************
2023-07-06 20:21:23,641 p=53867 u=rubp42 n=ansible | jeudi 06 juillet 2023  20:21:23 +0200 (0:00:01.618)       0:00:34.450 ********* 
2023-07-06 20:21:25,243 p=53867 u=rubp42 n=ansible | changed: [163.172.140.193]
2023-07-06 20:21:25,257 p=53867 u=rubp42 n=ansible | TASK [Change ownership] ********************************************************
2023-07-06 20:21:25,257 p=53867 u=rubp42 n=ansible | jeudi 06 juillet 2023  20:21:25 +0200 (0:00:01.615)       0:00:36.066 ********* 
2023-07-06 20:21:29,835 p=53867 u=rubp42 n=ansible | changed: [163.172.140.193]
2023-07-06 20:21:29,848 p=53867 u=rubp42 n=ansible | TASK [Run php Artisan commands optimize] ***************************************
2023-07-06 20:21:29,848 p=53867 u=rubp42 n=ansible | jeudi 06 juillet 2023  20:21:29 +0200 (0:00:04.591)       0:00:40.658 ********* 
2023-07-06 20:21:32,731 p=53867 u=rubp42 n=ansible | changed: [163.172.140.193]
2023-07-06 20:21:32,744 p=53867 u=rubp42 n=ansible | TASK [Run php Artisan commands config:cache] ***********************************
2023-07-06 20:21:32,745 p=53867 u=rubp42 n=ansible | jeudi 06 juillet 2023  20:21:32 +0200 (0:00:02.896)       0:00:43.554 ********* 
2023-07-06 20:21:35,222 p=53867 u=rubp42 n=ansible | changed: [163.172.140.193]
2023-07-06 20:21:35,235 p=53867 u=rubp42 n=ansible | TASK [Run php Artisan commands route:cache] ************************************
2023-07-06 20:21:35,235 p=53867 u=rubp42 n=ansible | jeudi 06 juillet 2023  20:21:35 +0200 (0:00:02.490)       0:00:46.045 ********* 
2023-07-06 20:21:37,816 p=53867 u=rubp42 n=ansible | changed: [163.172.140.193]
2023-07-06 20:21:37,830 p=53867 u=rubp42 n=ansible | TASK [Run php Artisan commands view:clear] *************************************
2023-07-06 20:21:37,830 p=53867 u=rubp42 n=ansible | jeudi 06 juillet 2023  20:21:37 +0200 (0:00:02.595)       0:00:48.640 ********* 
2023-07-06 20:21:40,272 p=53867 u=rubp42 n=ansible | changed: [163.172.140.193]
2023-07-06 20:21:40,285 p=53867 u=rubp42 n=ansible | TASK [Run php Artisan commands config:cache] ***********************************
2023-07-06 20:21:40,285 p=53867 u=rubp42 n=ansible | jeudi 06 juillet 2023  20:21:40 +0200 (0:00:02.454)       0:00:51.094 ********* 
2023-07-06 20:21:43,196 p=53867 u=rubp42 n=ansible | changed: [163.172.140.193]
2023-07-06 20:21:43,208 p=53867 u=rubp42 n=ansible | TASK [Swith current site to new version] ***************************************
2023-07-06 20:21:43,209 p=53867 u=rubp42 n=ansible | jeudi 06 juillet 2023  20:21:43 +0200 (0:00:02.923)       0:00:54.018 ********* 
2023-07-06 20:21:44,789 p=53867 u=rubp42 n=ansible | changed: [163.172.140.193]
2023-07-06 20:21:44,802 p=53867 u=rubp42 n=ansible | TASK [build production] ********************************************************
2023-07-06 20:21:44,802 p=53867 u=rubp42 n=ansible | jeudi 06 juillet 2023  20:21:44 +0200 (0:00:01.593)       0:00:55.611 ********* 
2023-07-06 20:22:21,180 p=53867 u=rubp42 n=ansible | changed: [163.172.140.193]
2023-07-06 20:22:21,195 p=53867 u=rubp42 n=ansible | TASK [Redmarrage du service NGINX] ********************************************
2023-07-06 20:22:21,195 p=53867 u=rubp42 n=ansible | jeudi 06 juillet 2023  20:22:21 +0200 (0:00:36.392)       0:01:32.004 ********* 
2023-07-06 20:22:24,378 p=53867 u=rubp42 n=ansible | fatal: [163.172.140.193]: FAILED! => {"changed": false, "msg": "Unable to restart service nginx: Job for nginx.service failed because the control process exited with error code.\nSee \"systemctl status nginx.service\" and \"journalctl -xeu nginx.service\" for details.\n"}
2023-07-06 20:22:24,380 p=53867 u=rubp42 n=ansible | PLAY RECAP *********************************************************************
2023-07-06 20:22:24,380 p=53867 u=rubp42 n=ansible | 163.172.140.193            : ok=17   changed=14   unreachable=0    failed=1    skipped=0    rescued=0    ignored=0   
2023-07-06 20:22:24,380 p=53867 u=rubp42 n=ansible | jeudi 06 juillet 2023  20:22:24 +0200 (0:00:03.185)       0:01:35.189 ********* 
2023-07-06 20:22:24,380 p=53867 u=rubp42 n=ansible | =============================================================================== 
2023-07-06 20:22:24,381 p=53867 u=rubp42 n=ansible | build production ------------------------------------------------------- 36.39s
2023-07-06 20:22:24,381 p=53867 u=rubp42 n=ansible | install front-end project's dependencies in the project ---------------- 13.66s
2023-07-06 20:22:24,381 p=53867 u=rubp42 n=ansible | Execute Composer Install to install dependencies ------------------------ 7.57s
2023-07-06 20:22:24,381 p=53867 u=rubp42 n=ansible | Change ownership -------------------------------------------------------- 4.59s
2023-07-06 20:22:24,381 p=53867 u=rubp42 n=ansible | Clone specific Laravel tagged version ----------------------------------- 4.45s
2023-07-06 20:22:24,381 p=53867 u=rubp42 n=ansible | Gathering Facts --------------------------------------------------------- 3.59s
2023-07-06 20:22:24,381 p=53867 u=rubp42 n=ansible | Redmarrage du service NGINX -------------------------------------------- 3.19s
2023-07-06 20:22:24,381 p=53867 u=rubp42 n=ansible | Run php Artisan commands config:cache ----------------------------------- 2.92s
2023-07-06 20:22:24,381 p=53867 u=rubp42 n=ansible | Run php Artisan commands optimize --------------------------------------- 2.90s
2023-07-06 20:22:24,382 p=53867 u=rubp42 n=ansible | Run php Artisan commands route:cache ------------------------------------ 2.59s
2023-07-06 20:22:24,382 p=53867 u=rubp42 n=ansible | Run php Artisan commands config:cache ----------------------------------- 2.49s
2023-07-06 20:22:24,382 p=53867 u=rubp42 n=ansible | Run php Artisan commands view:clear ------------------------------------- 2.45s
2023-07-06 20:22:24,382 p=53867 u=rubp42 n=ansible | Create Symlink to .env -------------------------------------------------- 1.79s
2023-07-06 20:22:24,382 p=53867 u=rubp42 n=ansible | Check for package.json -------------------------------------------------- 1.71s
2023-07-06 20:22:24,382 p=53867 u=rubp42 n=ansible | Remove local storage ---------------------------------------------------- 1.62s
2023-07-06 20:22:24,382 p=53867 u=rubp42 n=ansible | Create Symlink to storage ----------------------------------------------- 1.62s
2023-07-06 20:22:24,382 p=53867 u=rubp42 n=ansible | Swith current site to new version --------------------------------------- 1.59s
2023-07-06 20:22:24,382 p=53867 u=rubp42 n=ansible | include_vars ------------------------------------------------------------ 0.04s
2023-07-06 20:39:39,920 p=55337 u=rubp42 n=ansible | [DEPRECATION WARNING]: [defaults]callback_whitelist option, normalizing names 
to new standard, use callbacks_enabled instead. This feature will be removed 
from ansible-core in version 2.15. Deprecation warnings can be disabled by 
setting deprecation_warnings=False in ansible.cfg.
2023-07-06 20:39:40,076 p=55337 u=rubp42 n=ansible | PLAY [Install Required packages for Laravel on UBUNTU 22.04 (Takes Approximatively 4 min on SCW PLAY2-PICO)] ***
2023-07-06 20:39:40,098 p=55337 u=rubp42 n=ansible | TASK [Gathering Facts] *********************************************************
2023-07-06 20:39:40,098 p=55337 u=rubp42 n=ansible | jeudi 06 juillet 2023  20:39:40 +0200 (0:00:00.023)       0:00:00.023 ********* 
2023-07-06 20:39:44,453 p=55337 u=rubp42 n=ansible | ok: [51.15.218.187]
2023-07-06 20:39:44,493 p=55337 u=rubp42 n=ansible | TASK [include_vars] ************************************************************
2023-07-06 20:39:44,493 p=55337 u=rubp42 n=ansible | jeudi 06 juillet 2023  20:39:44 +0200 (0:00:04.394)       0:00:04.418 ********* 
2023-07-06 20:39:44,523 p=55337 u=rubp42 n=ansible | ok: [51.15.218.187]
2023-07-06 20:39:44,536 p=55337 u=rubp42 n=ansible | TASK [debug] *******************************************************************
2023-07-06 20:39:44,537 p=55337 u=rubp42 n=ansible | jeudi 06 juillet 2023  20:39:44 +0200 (0:00:00.043)       0:00:04.461 ********* 
2023-07-06 20:39:44,568 p=55337 u=rubp42 n=ansible | ok: [51.15.218.187] => {
    "msg": "Using variables file ./vars/variables.yml"
}
2023-07-06 20:39:44,581 p=55337 u=rubp42 n=ansible | TASK [install mysql, nginx, composer,php and required extensions] **************
2023-07-06 20:39:44,581 p=55337 u=rubp42 n=ansible | jeudi 06 juillet 2023  20:39:44 +0200 (0:00:00.044)       0:00:04.505 ********* 
2023-07-06 20:43:06,475 p=55337 u=rubp42 n=ansible | changed: [51.15.218.187]
2023-07-06 20:43:06,493 p=55337 u=rubp42 n=ansible | TASK [Install composer 2.4.2] **************************************************
2023-07-06 20:43:06,493 p=55337 u=rubp42 n=ansible | jeudi 06 juillet 2023  20:43:06 +0200 (0:03:21.912)       0:03:26.418 ********* 
2023-07-06 20:43:08,822 p=55337 u=rubp42 n=ansible | changed: [51.15.218.187]
2023-07-06 20:43:08,836 p=55337 u=rubp42 n=ansible | TASK [Add nodejs apt key] ******************************************************
2023-07-06 20:43:08,836 p=55337 u=rubp42 n=ansible | jeudi 06 juillet 2023  20:43:08 +0200 (0:00:02.343)       0:03:28.761 ********* 
2023-07-06 20:43:11,223 p=55337 u=rubp42 n=ansible | changed: [51.15.218.187]
2023-07-06 20:43:11,237 p=55337 u=rubp42 n=ansible | TASK [Add nodejs 16.x ppa for apt repo] ****************************************
2023-07-06 20:43:11,237 p=55337 u=rubp42 n=ansible | jeudi 06 juillet 2023  20:43:11 +0200 (0:00:02.400)       0:03:31.162 ********* 
2023-07-06 20:43:18,598 p=55337 u=rubp42 n=ansible | changed: [51.15.218.187]
2023-07-06 20:43:18,611 p=55337 u=rubp42 n=ansible | TASK [Install node] ************************************************************
2023-07-06 20:43:18,612 p=55337 u=rubp42 n=ansible | jeudi 06 juillet 2023  20:43:18 +0200 (0:00:07.374)       0:03:38.536 ********* 
2023-07-06 20:43:21,821 p=55337 u=rubp42 n=ansible | ok: [51.15.218.187]
2023-07-06 20:43:21,834 p=55337 u=rubp42 n=ansible | TASK [Install ufw] *************************************************************
2023-07-06 20:43:21,834 p=55337 u=rubp42 n=ansible | jeudi 06 juillet 2023  20:43:21 +0200 (0:00:03.222)       0:03:41.759 ********* 
2023-07-06 20:43:24,119 p=55337 u=rubp42 n=ansible | ok: [51.15.218.187]
2023-07-06 20:43:24,132 p=55337 u=rubp42 n=ansible | TASK [Enable UFW] **************************************************************
2023-07-06 20:43:24,132 p=55337 u=rubp42 n=ansible | jeudi 06 juillet 2023  20:43:24 +0200 (0:00:02.298)       0:03:44.057 ********* 
2023-07-06 20:43:26,100 p=55337 u=rubp42 n=ansible | changed: [51.15.218.187]
2023-07-06 20:43:26,113 p=55337 u=rubp42 n=ansible | TASK [Configure ufw openssh] ***************************************************
2023-07-06 20:43:26,113 p=55337 u=rubp42 n=ansible | jeudi 06 juillet 2023  20:43:26 +0200 (0:00:01.981)       0:03:46.038 ********* 
2023-07-06 20:43:27,849 p=55337 u=rubp42 n=ansible | changed: [51.15.218.187]
2023-07-06 20:43:27,862 p=55337 u=rubp42 n=ansible | TASK [Allow ufw http] **********************************************************
2023-07-06 20:43:27,862 p=55337 u=rubp42 n=ansible | jeudi 06 juillet 2023  20:43:27 +0200 (0:00:01.748)       0:03:47.787 ********* 
2023-07-06 20:43:29,610 p=55337 u=rubp42 n=ansible | changed: [51.15.218.187]
2023-07-06 20:43:29,624 p=55337 u=rubp42 n=ansible | TASK [Allow ufw https] *********************************************************
2023-07-06 20:43:29,624 p=55337 u=rubp42 n=ansible | jeudi 06 juillet 2023  20:43:29 +0200 (0:00:01.761)       0:03:49.549 ********* 
2023-07-06 20:43:31,385 p=55337 u=rubp42 n=ansible | changed: [51.15.218.187]
2023-07-06 20:43:31,432 p=55337 u=rubp42 n=ansible | PLAY RECAP *********************************************************************
2023-07-06 20:43:31,432 p=55337 u=rubp42 n=ansible | 51.15.218.187              : ok=13   changed=8    unreachable=0    failed=0    skipped=0    rescued=0    ignored=0   
2023-07-06 20:43:31,432 p=55337 u=rubp42 n=ansible | jeudi 06 juillet 2023  20:43:31 +0200 (0:00:01.807)       0:03:51.357 ********* 
2023-07-06 20:43:31,432 p=55337 u=rubp42 n=ansible | =============================================================================== 
2023-07-06 20:43:31,433 p=55337 u=rubp42 n=ansible | install mysql, nginx, composer,php and required extensions ------------ 201.91s
2023-07-06 20:43:31,433 p=55337 u=rubp42 n=ansible | Add nodejs 16.x ppa for apt repo ---------------------------------------- 7.37s
2023-07-06 20:43:31,433 p=55337 u=rubp42 n=ansible | Gathering Facts --------------------------------------------------------- 4.39s
2023-07-06 20:43:31,433 p=55337 u=rubp42 n=ansible | Install node ------------------------------------------------------------ 3.22s
2023-07-06 20:43:31,433 p=55337 u=rubp42 n=ansible | Add nodejs apt key ------------------------------------------------------ 2.40s
2023-07-06 20:43:31,433 p=55337 u=rubp42 n=ansible | Install composer 2.4.2 -------------------------------------------------- 2.34s
2023-07-06 20:43:31,433 p=55337 u=rubp42 n=ansible | Install ufw ------------------------------------------------------------- 2.30s
2023-07-06 20:43:31,433 p=55337 u=rubp42 n=ansible | Enable UFW -------------------------------------------------------------- 1.98s
2023-07-06 20:43:31,433 p=55337 u=rubp42 n=ansible | Allow ufw https --------------------------------------------------------- 1.81s
2023-07-06 20:43:31,433 p=55337 u=rubp42 n=ansible | Allow ufw http ---------------------------------------------------------- 1.76s
2023-07-06 20:43:31,434 p=55337 u=rubp42 n=ansible | Configure ufw openssh --------------------------------------------------- 1.75s
2023-07-06 20:43:31,434 p=55337 u=rubp42 n=ansible | debug ------------------------------------------------------------------- 0.04s
2023-07-06 20:43:31,434 p=55337 u=rubp42 n=ansible | include_vars ------------------------------------------------------------ 0.04s
2023-07-06 20:58:28,153 p=56634 u=rubp42 n=ansible | [DEPRECATION WARNING]: [defaults]callback_whitelist option, normalizing names 
to new standard, use callbacks_enabled instead. This feature will be removed 
from ansible-core in version 2.15. Deprecation warnings can be disabled by 
setting deprecation_warnings=False in ansible.cfg.
2023-07-06 20:58:28,267 p=56634 u=rubp42 n=ansible | PLAY [transfert letsencrypt certificate to appropriate location] ***************
2023-07-06 20:58:28,274 p=56634 u=rubp42 n=ansible | TASK [Gathering Facts] *********************************************************
2023-07-06 20:58:28,274 p=56634 u=rubp42 n=ansible | jeudi 06 juillet 2023  20:58:28 +0200 (0:00:00.007)       0:00:00.007 ********* 
2023-07-06 20:58:32,831 p=56634 u=rubp42 n=ansible | ok: [51.15.218.187]
2023-07-06 20:58:32,871 p=56634 u=rubp42 n=ansible | TASK [include_vars] ************************************************************
2023-07-06 20:58:32,871 p=56634 u=rubp42 n=ansible | jeudi 06 juillet 2023  20:58:32 +0200 (0:00:04.596)       0:00:04.604 ********* 
2023-07-06 20:58:32,903 p=56634 u=rubp42 n=ansible | ok: [51.15.218.187]
2023-07-06 20:58:32,917 p=56634 u=rubp42 n=ansible | TASK [transfert certificates directory contetnts] ******************************
2023-07-06 20:58:32,918 p=56634 u=rubp42 n=ansible | jeudi 06 juillet 2023  20:58:32 +0200 (0:00:00.046)       0:00:04.651 ********* 
2023-07-06 20:58:45,361 p=56634 u=rubp42 n=ansible | changed: [51.15.218.187]
2023-07-06 20:58:45,407 p=56634 u=rubp42 n=ansible | PLAY RECAP *********************************************************************
2023-07-06 20:58:45,407 p=56634 u=rubp42 n=ansible | 51.15.218.187              : ok=3    changed=1    unreachable=0    failed=0    skipped=0    rescued=0    ignored=0   
2023-07-06 20:58:45,407 p=56634 u=rubp42 n=ansible | jeudi 06 juillet 2023  20:58:45 +0200 (0:00:12.489)       0:00:17.141 ********* 
2023-07-06 20:58:45,407 p=56634 u=rubp42 n=ansible | =============================================================================== 
2023-07-06 20:58:45,407 p=56634 u=rubp42 n=ansible | transfert certificates directory contetnts ----------------------------- 12.49s
2023-07-06 20:58:45,407 p=56634 u=rubp42 n=ansible | Gathering Facts --------------------------------------------------------- 4.60s
2023-07-06 20:58:45,408 p=56634 u=rubp42 n=ansible | include_vars ------------------------------------------------------------ 0.05s
2023-07-06 21:05:23,962 p=57210 u=rubp42 n=ansible | [DEPRECATION WARNING]: [defaults]callback_whitelist option, normalizing names 
to new standard, use callbacks_enabled instead. This feature will be removed 
from ansible-core in version 2.15. Deprecation warnings can be disabled by 
setting deprecation_warnings=False in ansible.cfg.
2023-07-06 21:05:24,082 p=57210 u=rubp42 n=ansible | PLAY [webservers] **************************************************************
2023-07-06 21:05:24,089 p=57210 u=rubp42 n=ansible | TASK [Gathering Facts] *********************************************************
2023-07-06 21:05:24,089 p=57210 u=rubp42 n=ansible | jeudi 06 juillet 2023  21:05:24 +0200 (0:00:00.009)       0:00:00.009 ********* 
2023-07-06 21:05:28,212 p=57210 u=rubp42 n=ansible | ok: [51.15.218.187]
2023-07-06 21:05:28,257 p=57210 u=rubp42 n=ansible | TASK [include_vars] ************************************************************
2023-07-06 21:05:28,257 p=57210 u=rubp42 n=ansible | jeudi 06 juillet 2023  21:05:28 +0200 (0:00:04.167)       0:00:04.177 ********* 
2023-07-06 21:05:28,285 p=57210 u=rubp42 n=ansible | ok: [51.15.218.187]
2023-07-06 21:05:28,301 p=57210 u=rubp42 n=ansible | TASK [Creates shared directories] **********************************************
2023-07-06 21:05:28,301 p=57210 u=rubp42 n=ansible | jeudi 06 juillet 2023  21:05:28 +0200 (0:00:00.043)       0:00:04.221 ********* 
2023-07-06 21:05:29,993 p=57210 u=rubp42 n=ansible | changed: [51.15.218.187] => (item=releases)
2023-07-06 21:05:31,540 p=57210 u=rubp42 n=ansible | changed: [51.15.218.187] => (item=shared/storage/logs)
2023-07-06 21:05:33,095 p=57210 u=rubp42 n=ansible | changed: [51.15.218.187] => (item=shared/storage/framework/sessions)
2023-07-06 21:05:34,676 p=57210 u=rubp42 n=ansible | changed: [51.15.218.187] => (item=shared/storage/framework/testing)
2023-07-06 21:05:36,240 p=57210 u=rubp42 n=ansible | changed: [51.15.218.187] => (item=shared/storage/framework/views)
2023-07-06 21:05:37,796 p=57210 u=rubp42 n=ansible | changed: [51.15.218.187] => (item=shared/storage/framework/cache/data)
2023-07-06 21:05:37,815 p=57210 u=rubp42 n=ansible | TASK [Copy the .ENV file in shared folder] *************************************
2023-07-06 21:05:37,816 p=57210 u=rubp42 n=ansible | jeudi 06 juillet 2023  21:05:37 +0200 (0:00:09.514)       0:00:13.735 ********* 
2023-07-06 21:05:41,288 p=57210 u=rubp42 n=ansible | changed: [51.15.218.187]
2023-07-06 21:05:41,301 p=57210 u=rubp42 n=ansible | TASK [Copy the options-ssl-nginx.conf] *****************************************
2023-07-06 21:05:41,301 p=57210 u=rubp42 n=ansible | jeudi 06 juillet 2023  21:05:41 +0200 (0:00:03.485)       0:00:17.221 ********* 
2023-07-06 21:05:44,485 p=57210 u=rubp42 n=ansible | changed: [51.15.218.187]
2023-07-06 21:05:44,498 p=57210 u=rubp42 n=ansible | TASK [Copy the serverbloc file] ************************************************
2023-07-06 21:05:44,498 p=57210 u=rubp42 n=ansible | jeudi 06 juillet 2023  21:05:44 +0200 (0:00:03.196)       0:00:20.417 ********* 
2023-07-06 21:05:47,693 p=57210 u=rubp42 n=ansible | changed: [51.15.218.187]
2023-07-06 21:05:47,706 p=57210 u=rubp42 n=ansible | TASK [generate Diffie-Hellman key] *********************************************
2023-07-06 21:05:47,706 p=57210 u=rubp42 n=ansible | jeudi 06 juillet 2023  21:05:47 +0200 (0:00:03.207)       0:00:23.625 ********* 
2023-07-06 21:05:50,079 p=57210 u=rubp42 n=ansible | changed: [51.15.218.187]
2023-07-06 21:05:50,092 p=57210 u=rubp42 n=ansible | TASK [Remove default nginx symlink] ********************************************
2023-07-06 21:05:50,092 p=57210 u=rubp42 n=ansible | jeudi 06 juillet 2023  21:05:50 +0200 (0:00:02.386)       0:00:26.012 ********* 
2023-07-06 21:05:53,321 p=57210 u=rubp42 n=ansible | ok: [51.15.218.187]
2023-07-06 21:05:53,334 p=57210 u=rubp42 n=ansible | TASK [Add  nginx symlink] ******************************************************
2023-07-06 21:05:53,335 p=57210 u=rubp42 n=ansible | jeudi 06 juillet 2023  21:05:53 +0200 (0:00:03.242)       0:00:29.254 ********* 
2023-07-06 21:05:54,944 p=57210 u=rubp42 n=ansible | changed: [51.15.218.187]
2023-07-06 21:05:54,992 p=57210 u=rubp42 n=ansible | PLAY RECAP *********************************************************************
2023-07-06 21:05:54,992 p=57210 u=rubp42 n=ansible | 51.15.218.187              : ok=9    changed=6    unreachable=0    failed=0    skipped=0    rescued=0    ignored=0   
2023-07-06 21:05:54,992 p=57210 u=rubp42 n=ansible | jeudi 06 juillet 2023  21:05:54 +0200 (0:00:01.657)       0:00:30.912 ********* 
2023-07-06 21:05:54,992 p=57210 u=rubp42 n=ansible | =============================================================================== 
2023-07-06 21:05:54,993 p=57210 u=rubp42 n=ansible | Creates shared directories ---------------------------------------------- 9.51s
2023-07-06 21:05:54,993 p=57210 u=rubp42 n=ansible | Gathering Facts --------------------------------------------------------- 4.17s
2023-07-06 21:05:54,993 p=57210 u=rubp42 n=ansible | Copy the .ENV file in shared folder ------------------------------------- 3.49s
2023-07-06 21:05:54,993 p=57210 u=rubp42 n=ansible | Remove default nginx symlink -------------------------------------------- 3.24s
2023-07-06 21:05:54,993 p=57210 u=rubp42 n=ansible | Copy the serverbloc file ------------------------------------------------ 3.21s
2023-07-06 21:05:54,993 p=57210 u=rubp42 n=ansible | Copy the options-ssl-nginx.conf ----------------------------------------- 3.20s
2023-07-06 21:05:54,993 p=57210 u=rubp42 n=ansible | generate Diffie-Hellman key --------------------------------------------- 2.39s
2023-07-06 21:05:54,993 p=57210 u=rubp42 n=ansible | Add  nginx symlink ------------------------------------------------------ 1.66s
2023-07-06 21:05:54,993 p=57210 u=rubp42 n=ansible | include_vars ------------------------------------------------------------ 0.04s
2023-07-06 21:27:12,737 p=58953 u=rubp42 n=ansible | [DEPRECATION WARNING]: [defaults]callback_whitelist option, normalizing names 
to new standard, use callbacks_enabled instead. This feature will be removed 
from ansible-core in version 2.15. Deprecation warnings can be disabled by 
setting deprecation_warnings=False in ansible.cfg.
2023-07-06 21:27:12,922 p=58953 u=rubp42 n=ansible | PLAY [webservers] **************************************************************
2023-07-06 21:27:12,929 p=58953 u=rubp42 n=ansible | TASK [Gathering Facts] *********************************************************
2023-07-06 21:27:12,929 p=58953 u=rubp42 n=ansible | jeudi 06 juillet 2023  21:27:12 +0200 (0:00:00.009)       0:00:00.009 ********* 
2023-07-06 21:27:17,056 p=58953 u=rubp42 n=ansible | ok: [51.15.218.187]
2023-07-06 21:27:17,094 p=58953 u=rubp42 n=ansible | TASK [include_vars] ************************************************************
2023-07-06 21:27:17,095 p=58953 u=rubp42 n=ansible | jeudi 06 juillet 2023  21:27:17 +0200 (0:00:04.165)       0:00:04.174 ********* 
2023-07-06 21:27:17,123 p=58953 u=rubp42 n=ansible | ok: [51.15.218.187]
2023-07-06 21:27:17,136 p=58953 u=rubp42 n=ansible | TASK [Clone specific Laravel tagged version] ***********************************
2023-07-06 21:27:17,137 p=58953 u=rubp42 n=ansible | jeudi 06 juillet 2023  21:27:17 +0200 (0:00:00.041)       0:00:04.216 ********* 
2023-07-06 21:27:28,160 p=58953 u=rubp42 n=ansible | changed: [51.15.218.187]
2023-07-06 21:27:28,173 p=58953 u=rubp42 n=ansible | TASK [Check for package.json] **************************************************
2023-07-06 21:27:28,173 p=58953 u=rubp42 n=ansible | jeudi 06 juillet 2023  21:27:28 +0200 (0:00:11.036)       0:00:15.253 ********* 
2023-07-06 21:27:29,864 p=58953 u=rubp42 n=ansible | ok: [51.15.218.187]
2023-07-06 21:27:29,878 p=58953 u=rubp42 n=ansible | TASK [install front-end project's dependencies in the project] *****************
2023-07-06 21:27:29,878 p=58953 u=rubp42 n=ansible | jeudi 06 juillet 2023  21:27:29 +0200 (0:00:01.704)       0:00:16.957 ********* 
2023-07-06 21:27:56,361 p=58953 u=rubp42 n=ansible | changed: [51.15.218.187]
2023-07-06 21:27:56,375 p=58953 u=rubp42 n=ansible | TASK [Execute Composer Install to install dependencies] ************************
2023-07-06 21:27:56,375 p=58953 u=rubp42 n=ansible | jeudi 06 juillet 2023  21:27:56 +0200 (0:00:26.496)       0:00:43.454 ********* 
2023-07-06 21:28:06,579 p=58953 u=rubp42 n=ansible | changed: [51.15.218.187]
2023-07-06 21:28:06,592 p=58953 u=rubp42 n=ansible | TASK [Create Symlink to .env] **************************************************
2023-07-06 21:28:06,592 p=58953 u=rubp42 n=ansible | jeudi 06 juillet 2023  21:28:06 +0200 (0:00:10.217)       0:00:53.672 ********* 
2023-07-06 21:28:08,328 p=58953 u=rubp42 n=ansible | changed: [51.15.218.187]
2023-07-06 21:28:08,341 p=58953 u=rubp42 n=ansible | TASK [Remove local storage] ****************************************************
2023-07-06 21:28:08,341 p=58953 u=rubp42 n=ansible | jeudi 06 juillet 2023  21:28:08 +0200 (0:00:01.748)       0:00:55.421 ********* 
2023-07-06 21:28:09,900 p=58953 u=rubp42 n=ansible | changed: [51.15.218.187]
2023-07-06 21:28:09,913 p=58953 u=rubp42 n=ansible | TASK [Create Symlink to storage] ***********************************************
2023-07-06 21:28:09,914 p=58953 u=rubp42 n=ansible | jeudi 06 juillet 2023  21:28:09 +0200 (0:00:01.572)       0:00:56.993 ********* 
2023-07-06 21:28:11,480 p=58953 u=rubp42 n=ansible | changed: [51.15.218.187]
2023-07-06 21:28:11,493 p=58953 u=rubp42 n=ansible | TASK [Change ownership] ********************************************************
2023-07-06 21:28:11,493 p=58953 u=rubp42 n=ansible | jeudi 06 juillet 2023  21:28:11 +0200 (0:00:01.579)       0:00:58.573 ********* 
2023-07-06 21:28:14,465 p=58953 u=rubp42 n=ansible | changed: [51.15.218.187]
2023-07-06 21:28:14,478 p=58953 u=rubp42 n=ansible | TASK [Run database migrations] *************************************************
2023-07-06 21:28:14,478 p=58953 u=rubp42 n=ansible | jeudi 06 juillet 2023  21:28:14 +0200 (0:00:02.984)       0:01:01.557 ********* 
2023-07-06 21:28:17,197 p=58953 u=rubp42 n=ansible | changed: [51.15.218.187]
2023-07-06 21:28:17,209 p=58953 u=rubp42 n=ansible | TASK [Run php Artisan commands optimize] ***************************************
2023-07-06 21:28:17,210 p=58953 u=rubp42 n=ansible | jeudi 06 juillet 2023  21:28:17 +0200 (0:00:02.731)       0:01:04.289 ********* 
2023-07-06 21:28:19,809 p=58953 u=rubp42 n=ansible | changed: [51.15.218.187]
2023-07-06 21:28:19,824 p=58953 u=rubp42 n=ansible | TASK [Run php Artisan commands config:cache] ***********************************
2023-07-06 21:28:19,824 p=58953 u=rubp42 n=ansible | jeudi 06 juillet 2023  21:28:19 +0200 (0:00:02.614)       0:01:06.903 ********* 
2023-07-06 21:28:22,641 p=58953 u=rubp42 n=ansible | changed: [51.15.218.187]
2023-07-06 21:28:22,655 p=58953 u=rubp42 n=ansible | TASK [Run php Artisan commands route:cache] ************************************
2023-07-06 21:28:22,655 p=58953 u=rubp42 n=ansible | jeudi 06 juillet 2023  21:28:22 +0200 (0:00:02.831)       0:01:09.735 ********* 
2023-07-06 21:28:25,173 p=58953 u=rubp42 n=ansible | changed: [51.15.218.187]
2023-07-06 21:28:25,186 p=58953 u=rubp42 n=ansible | TASK [Run php Artisan commands view:clear] *************************************
2023-07-06 21:28:25,186 p=58953 u=rubp42 n=ansible | jeudi 06 juillet 2023  21:28:25 +0200 (0:00:02.530)       0:01:12.266 ********* 
2023-07-06 21:28:27,795 p=58953 u=rubp42 n=ansible | changed: [51.15.218.187]
2023-07-06 21:28:27,808 p=58953 u=rubp42 n=ansible | TASK [Run php Artisan commands config:cache] ***********************************
2023-07-06 21:28:27,808 p=58953 u=rubp42 n=ansible | jeudi 06 juillet 2023  21:28:27 +0200 (0:00:02.622)       0:01:14.888 ********* 
2023-07-06 21:28:30,538 p=58953 u=rubp42 n=ansible | changed: [51.15.218.187]
2023-07-06 21:28:30,553 p=58953 u=rubp42 n=ansible | TASK [Swith current site to new version] ***************************************
2023-07-06 21:28:30,553 p=58953 u=rubp42 n=ansible | jeudi 06 juillet 2023  21:28:30 +0200 (0:00:02.744)       0:01:17.632 ********* 
2023-07-06 21:28:32,135 p=58953 u=rubp42 n=ansible | changed: [51.15.218.187]
2023-07-06 21:28:32,150 p=58953 u=rubp42 n=ansible | TASK [build production] ********************************************************
2023-07-06 21:28:32,150 p=58953 u=rubp42 n=ansible | jeudi 06 juillet 2023  21:28:32 +0200 (0:00:01.596)       0:01:19.229 ********* 
2023-07-06 21:29:07,273 p=58953 u=rubp42 n=ansible | changed: [51.15.218.187]
2023-07-06 21:29:07,286 p=58953 u=rubp42 n=ansible | TASK [Redmarrage du service NGINX] ********************************************
2023-07-06 21:29:07,286 p=58953 u=rubp42 n=ansible | jeudi 06 juillet 2023  21:29:07 +0200 (0:00:35.136)       0:01:54.365 ********* 
2023-07-06 21:29:10,399 p=58953 u=rubp42 n=ansible | changed: [51.15.218.187]
2023-07-06 21:29:10,445 p=58953 u=rubp42 n=ansible | PLAY RECAP *********************************************************************
2023-07-06 21:29:10,445 p=58953 u=rubp42 n=ansible | 51.15.218.187              : ok=19   changed=16   unreachable=0    failed=0    skipped=0    rescued=0    ignored=0   
2023-07-06 21:29:10,445 p=58953 u=rubp42 n=ansible | jeudi 06 juillet 2023  21:29:10 +0200 (0:00:03.159)       0:01:57.525 ********* 
2023-07-06 21:29:10,445 p=58953 u=rubp42 n=ansible | =============================================================================== 
2023-07-06 21:29:10,446 p=58953 u=rubp42 n=ansible | build production ------------------------------------------------------- 35.14s
2023-07-06 21:29:10,446 p=58953 u=rubp42 n=ansible | install front-end project's dependencies in the project ---------------- 26.50s
2023-07-06 21:29:10,446 p=58953 u=rubp42 n=ansible | Clone specific Laravel tagged version ---------------------------------- 11.04s
2023-07-06 21:29:10,446 p=58953 u=rubp42 n=ansible | Execute Composer Install to install dependencies ----------------------- 10.22s
2023-07-06 21:29:10,446 p=58953 u=rubp42 n=ansible | Gathering Facts --------------------------------------------------------- 4.17s
2023-07-06 21:29:10,446 p=58953 u=rubp42 n=ansible | Redmarrage du service NGINX -------------------------------------------- 3.16s
2023-07-06 21:29:10,447 p=58953 u=rubp42 n=ansible | Change ownership -------------------------------------------------------- 2.98s
2023-07-06 21:29:10,447 p=58953 u=rubp42 n=ansible | Run php Artisan commands config:cache ----------------------------------- 2.83s
2023-07-06 21:29:10,447 p=58953 u=rubp42 n=ansible | Run php Artisan commands config:cache ----------------------------------- 2.74s
2023-07-06 21:29:10,447 p=58953 u=rubp42 n=ansible | Run database migrations ------------------------------------------------- 2.73s
2023-07-06 21:29:10,447 p=58953 u=rubp42 n=ansible | Run php Artisan commands view:clear ------------------------------------- 2.62s
2023-07-06 21:29:10,447 p=58953 u=rubp42 n=ansible | Run php Artisan commands optimize --------------------------------------- 2.61s
2023-07-06 21:29:10,447 p=58953 u=rubp42 n=ansible | Run php Artisan commands route:cache ------------------------------------ 2.53s
2023-07-06 21:29:10,447 p=58953 u=rubp42 n=ansible | Create Symlink to .env -------------------------------------------------- 1.75s
2023-07-06 21:29:10,448 p=58953 u=rubp42 n=ansible | Check for package.json -------------------------------------------------- 1.70s
2023-07-06 21:29:10,448 p=58953 u=rubp42 n=ansible | Swith current site to new version --------------------------------------- 1.60s
2023-07-06 21:29:10,448 p=58953 u=rubp42 n=ansible | Create Symlink to storage ----------------------------------------------- 1.58s
2023-07-06 21:29:10,448 p=58953 u=rubp42 n=ansible | Remove local storage ---------------------------------------------------- 1.57s
2023-07-06 21:29:10,448 p=58953 u=rubp42 n=ansible | include_vars ------------------------------------------------------------ 0.04s
